"../../../../../Code/TakenAway/TakenAway/Content/Blueprints/Debug/Dev_Tile_SetPadded.uasset" 0
"../../../../../Code/TakenAway/TakenAway/Content/Blueprints/Debug/Dev_Tile_Set_TileSet.uasset" 1
"../../../../../Code/TakenAway/TakenAway/Content/Textures/Texture_Body_Sheet.uasset" 2
"../../../../../Code/TakenAway/TakenAway/Content/Sprites/Texture_Body_Sheet_Sprite_0.uasset" 3
"../../../../../Code/TakenAway/TakenAway/Content/Sprites/Texture_Body_Sheet_Sprite_1.uasset" 4
"../../../../../Code/TakenAway/TakenAway/Content/Sprites/Body_Idle.uasset" 5
"../../../../../Code/TakenAway/TakenAway/Content/Textures/Texture_Feet_Sheet.uasset" 6
"../../../../../Code/TakenAway/TakenAway/Content/Sprites/Texture_Feet_Sheet_Sprite_0.uasset" 7
"../../../../../Code/TakenAway/TakenAway/Content/Sprites/Texture_Feet_Sheet_Sprite_1.uasset" 8
"../../../../../Code/TakenAway/TakenAway/Content/Sprites/Texture_Feet_Sheet_Sprite_2.uasset" 9
"../../../../../Code/TakenAway/TakenAway/Content/Sprites/Texture_Feet_Sheet_Sprite_3.uasset" 10
"../../../../../Code/TakenAway/TakenAway/Content/Sprites/FeetMovement.uasset" 11
"../../../../../Code/TakenAway/TakenAway/Content/Textures/Texture_Head_Sheet.uasset" 12
"../../../../../Code/TakenAway/TakenAway/Content/Sprites/Texture_Head_Sheet_Sprite_0.uasset" 13
"../../../../../Code/TakenAway/TakenAway/Content/Sprites/Texture_Head_Sheet_Sprite_1.uasset" 14
"../../../../../Code/TakenAway/TakenAway/Content/Sprites/Head_idle.uasset" 15
"../../../../../Code/TakenAway/TakenAway/Content/Textures/Wooden_Floor_Tile.uasset" 16
"../../../../../Code/TakenAway/TakenAway/Content/Sprites/Wooden_Floor_Tile_Sprite.uasset" 17
"../../../../../Code/TakenAway/TakenAway/Content/Textures/Dev/Dev_Texture_Body.uasset" 18
"../../../../../Code/TakenAway/TakenAway/Content/Sprites/Dev/Dev_Texture_Body_Sprite.uasset" 19
"../../../../../Code/TakenAway/TakenAway/Content/Sprites/Dev/Body_Empty.uasset" 20
"../../../../../Code/TakenAway/TakenAway/Content/Textures/Dev/Dev_Texture_Enemy_Body.uasset" 21
"../../../../../Code/TakenAway/TakenAway/Content/Sprites/Dev/Body_Enemy.uasset" 22
"../../../../../Code/TakenAway/TakenAway/Content/Sprites/Dev/Body_Enemy_Empty.uasset" 23
"../../../../../Code/TakenAway/TakenAway/Content/Textures/Dev/Dev_Texture_Enemy_Body_Armed.uasset" 24
"../../../../../Code/TakenAway/TakenAway/Content/Sprites/Dev/Dev_Texture_Enemy_Body_Armed_Sprite.uasset" 25
"../../../../../Code/TakenAway/TakenAway/Content/Sprites/Dev/Body_Enemy_Gun.uasset" 26
"../../../../../Code/TakenAway/TakenAway/Content/Textures/Dev/Dev_Texture_Body_Armed.uasset" 27
"../../../../../Code/TakenAway/TakenAway/Content/Sprites/Dev/Dev_Texture_Body_Armed_Sprite.uasset" 28
"../../../../../Code/TakenAway/TakenAway/Content/Sprites/Dev/Body_Gun.uasset" 29
"../../../../../Code/TakenAway/TakenAway/Content/Textures/Dev/Dev_Texture_Body_Arme_V2.uasset" 30
"../../../../../Code/TakenAway/TakenAway/Content/Sprites/Dev/Dev_Texture_Body_Arme_V2_Sprite.uasset" 31
"../../../../../Code/TakenAway/TakenAway/Content/Sprites/Dev/Body_gun_good.uasset" 32
"../../../../../Code/TakenAway/TakenAway/Content/Textures/Dev/Dev_Texture_Head.uasset" 33
"../../../../../Code/TakenAway/TakenAway/Content/Sprites/Dev/Dev_Texture_Head_Sprite.uasset" 34
"../../../../../Code/TakenAway/TakenAway/Content/Sprites/Dev/Idle_Head.uasset" 35
"../../../../../Code/TakenAway/TakenAway/Content/Textures/Dev/Dev_Texture_Feet_Sheet.uasset" 36
"../../../../../Code/TakenAway/TakenAway/Content/Sprites/Dev/Dev_Texture_Feet_Sheet_Sprite_0.uasset" 37
"../../../../../Code/TakenAway/TakenAway/Content/Sprites/Dev/Dev_Texture_Feet_Sheet_Sprite_1.uasset" 38
"../../../../../Code/TakenAway/TakenAway/Content/Sprites/Dev/Dev_Texture_Feet_Sheet_Sprite_2.uasset" 39
"../../../../../Code/TakenAway/TakenAway/Content/Sprites/Dev/Dev_Texture_Feet_Sheet_Sprite_3.uasset" 40
"../../../../../Code/TakenAway/TakenAway/Content/Sprites/Dev/Walking.uasset" 41
"../../../../../Code/TakenAway/TakenAway/Content/Sprites/Tiles/Wall_Floor_Sheet_Good.uasset" 42
"../../../../../Code/TakenAway/TakenAway/Content/Textures/Dev_Texture_Projectile1.uasset" 43
"../../../../../Code/TakenAway/TakenAway/Content/Sprites/Dev_Texture_Projectile1_Sprite.uasset" 44
"../../../../../Code/TakenAway/TakenAway/Content/Sprites/Useful/Bad_Bullet.uasset" 45
"../../../../../Code/TakenAway/TakenAway/Content/Textures/Enemy_Punch-sheet.uasset" 46
"../../../../../Code/TakenAway/TakenAway/Content/Sprites/Enemy_Punch-sheet_Sprite_0.uasset" 47
"../../../../../Code/TakenAway/TakenAway/Content/Sprites/Enemy_Punch-sheet_Sprite_1.uasset" 48
"../../../../../Code/TakenAway/TakenAway/Content/Sprites/Enemy_Punch-sheet_Sprite_2.uasset" 49
"../../../../../Code/TakenAway/TakenAway/Content/Sprites/Enemy_Punch-sheet_Sprite_3.uasset" 50
"../../../../../Code/TakenAway/TakenAway/Content/Sprites/Enemy_Punch-sheet_Sprite_4.uasset" 51
"../../../../../Code/TakenAway/TakenAway/Content/Sprites/Enemy_Punch-sheet_Sprite_5.uasset" 52
"../../../../../Code/TakenAway/TakenAway/Content/Sprites/Enemy_Punch-sheet_Sprite_6.uasset" 53
"../../../../../Code/TakenAway/TakenAway/Content/Sprites/Useful/BluePunch.uasset" 54
"../../../../../Code/TakenAway/TakenAway/Content/Textures/Body_Armed_Mele_Attack_Enemy-sheet.uasset" 55
"../../../../../Code/TakenAway/TakenAway/Content/Sprites/Body_Armed_Mele_Attack_Enemy-sheet_Sprite_0.uasset" 56
"../../../../../Code/TakenAway/TakenAway/Content/Sprites/Body_Armed_Mele_Attack_Enemy-sheet_Sprite_1.uasset" 57
"../../../../../Code/TakenAway/TakenAway/Content/Sprites/Body_Armed_Mele_Attack_Enemy-sheet_Sprite_2.uasset" 58
"../../../../../Code/TakenAway/TakenAway/Content/Sprites/Body_Armed_Mele_Attack_Enemy-sheet_Sprite_3.uasset" 59
"../../../../../Code/TakenAway/TakenAway/Content/Sprites/Body_Armed_Mele_Attack_Enemy-sheet_Sprite_4.uasset" 60
"../../../../../Code/TakenAway/TakenAway/Content/Sprites/Body_Armed_Mele_Attack_Enemy-sheet_Sprite_5.uasset" 61
"../../../../../Code/TakenAway/TakenAway/Content/Sprites/Useful/BlueStab.uasset" 62
"../../../../../Code/TakenAway/TakenAway/Content/Textures/Feet_Enemy-sheet.uasset" 63
"../../../../../Code/TakenAway/TakenAway/Content/Sprites/Feet_Enemy-sheet_Sprite_0.uasset" 64
"../../../../../Code/TakenAway/TakenAway/Content/Sprites/Feet_Enemy-sheet_Sprite_1.uasset" 65
"../../../../../Code/TakenAway/TakenAway/Content/Sprites/Feet_Enemy-sheet_Sprite_2.uasset" 66
"../../../../../Code/TakenAway/TakenAway/Content/Sprites/Feet_Enemy-sheet_Sprite_3.uasset" 67
"../../../../../Code/TakenAway/TakenAway/Content/Sprites/Useful/BlueWalk.uasset" 68
"../../../../../Code/TakenAway/TakenAway/Content/Textures/Dev_Texture_Projectile2.uasset" 69
"../../../../../Code/TakenAway/TakenAway/Content/Sprites/Dev_Texture_Projectile2_Sprite.uasset" 70
"../../../../../Code/TakenAway/TakenAway/Content/Sprites/Useful/Good_Bullet.uasset" 71
"../../../../../Code/TakenAway/TakenAway/Content/Textures/Body_Armed_Mele_Attack-sheet.uasset" 72
"../../../../../Code/TakenAway/TakenAway/Content/Sprites/Body_Armed_Mele_Attack-sheet_Sprite_0.uasset" 73
"../../../../../Code/TakenAway/TakenAway/Content/Sprites/Body_Armed_Mele_Attack-sheet_Sprite_1.uasset" 74
"../../../../../Code/TakenAway/TakenAway/Content/Sprites/Body_Armed_Mele_Attack-sheet_Sprite_2.uasset" 75
"../../../../../Code/TakenAway/TakenAway/Content/Sprites/Body_Armed_Mele_Attack-sheet_Sprite_3.uasset" 76
"../../../../../Code/TakenAway/TakenAway/Content/Sprites/Body_Armed_Mele_Attack-sheet_Sprite_4.uasset" 77
"../../../../../Code/TakenAway/TakenAway/Content/Sprites/Body_Armed_Mele_Attack-sheet_Sprite_5.uasset" 78
"../../../../../Code/TakenAway/TakenAway/Content/Sprites/Useful/RedStab.uasset" 79
"../../../../../Code/TakenAway/TakenAway/Content/Textures/Wall_Floor_Sheet.uasset" 80
"../../../../../Code/TakenAway/TakenAway/Content/Textures/Wall_Floor_Sheet_TileSet.uasset" 81
"../../../../../Code/TakenAway/TakenAway/Content/Textures/Dev/Dev_Tile_Set.uasset" 82
"../../../../../Code/TakenAway/TakenAway/Content/Textures/UI/Text_Box.uasset" 83
"../../../Engine/Content/Functions/Engine_MaterialFunctions01/Opacity/CameraDepthFade.uasset" 84
"../../../Engine/Content/EngineMaterials/T_Default_Material_Grid_M.uasset" 85
"../../../Engine/Content/EngineMaterials/T_Default_Material_Grid_N.uasset" 86
"../../../Engine/Content/EngineMaterials/WorldGridMaterial.uasset" 87
"../../../Engine/Content/ArtTools/RenderToTexture/Meshes/S_1_Unit_Plane.uasset" 88
"../../../Engine/Content/EngineMaterials/DefaultMaterial.uasset" 89
"../../../Engine/Content/BasicShapes/Cone.uasset" 90
"../../../Engine/Content/BasicShapes/Cube.uasset" 91
"../../../Engine/Content/BasicShapes/Cylinder.uasset" 92
"../../../Engine/Content/BasicShapes/Sphere.uasset" 93
"../../../Engine/Content/EditorLandscapeResources/DataLayer.uasset" 94
"../../../Engine/Content/EditorMaterials/GizmoMaterial.uasset" 95
"../../../Engine/Content/EditorMaterials/MAT_Groups_Toggle.uasset" 96
"../../../Engine/Content/EditorMaterials/MAT_Groups_Visibility.uasset" 97
"../../../Engine/Content/EditorMaterials/PreviewShadowIndicator.uasset" 98
"../../../Engine/Content/EditorMaterials/PreviewShadowIndicatorMaterial.uasset" 99
"../../../Engine/Content/EditorMaterials/MatineeGroups/MAT_ColorTrack.uasset" 100
"../../../Engine/Content/EditorMaterials/MatineeGroups/MAT_Groups_Anim.uasset" 101
"../../../Engine/Content/EditorMaterials/MatineeGroups/MAT_Groups_AudioMaster.uasset" 102
"../../../Engine/Content/EditorMaterials/MatineeGroups/MAT_Groups_Director.uasset" 103
"../../../Engine/Content/EditorMaterials/MatineeGroups/MAT_Groups_Event.uasset" 104
"../../../Engine/Content/EditorMaterials/MatineeGroups/MAT_Groups_Fade.uasset" 105
"../../../Engine/Content/EditorMaterials/MatineeGroups/MAT_Groups_Float.uasset" 106
"../../../Engine/Content/EditorMaterials/MatineeGroups/MAT_Groups_Move.uasset" 107
"../../../Engine/Content/EditorMaterials/MatineeGroups/MAT_Groups_Slomo.uasset" 108
"../../../Engine/Content/EditorMaterials/MatineeGroups/MAT_Groups_Sound.uasset" 109
"../../../Engine/Content/EditorMaterials/MatineeGroups/MAT_Groups_Vector.uasset" 110
"../../../Engine/Content/EditorMaterials/ParticleSystems/PSysThumbnail_NoImage.uasset" 111
"../../../Engine/Content/EditorMaterials/ParticleSystems/PSysThumbnail_OOD.uasset" 112
"../../../Engine/Content/EditorMaterials/Camera/CineMat.uasset" 113
"../../../Engine/Content/EditorMaterials/Camera/MI_CineMat_Rig.uasset" 114
"../../../Engine/Content/EditorMeshes/Camera/SM_CraneRig_Arm.uasset" 115
"../../../Engine/Content/EditorMeshes/Camera/SM_CraneRig_Base.uasset" 116
"../../../Engine/Content/EditorMeshes/Camera/SM_CraneRig_Body.uasset" 117
"../../../Engine/Content/EditorMeshes/Camera/SM_CraneRig_Mount.uasset" 118
"../../../Engine/Content/EditorMeshes/Camera/SM_RailRig_Mount.uasset" 119
"../../../Engine/Content/EditorMeshes/Camera/SM_RailRig_Track.uasset" 120
"../../../Engine/Content/EditorResources/BSPVertex.uasset" 121
"../../../Engine/Content/EditorResources/EmptyActor.uasset" 122
"../../../Engine/Content/EditorResources/S_Actor.uasset" 123
"../../../Engine/Content/EditorResources/S_Trigger.uasset" 124
"../../../Engine/Content/EditorResources/SequenceRecorder/Countdown.uasset" 125
"../../../Engine/Content/EditorResources/SequenceRecorder/RecordingIndicator.uasset" 126
"../../../Engine/Content/EditorSounds/Notifications/CompileFailed.uasset" 127
"../../../Engine/Content/EditorSounds/Notifications/CompileFailed_Cue.uasset" 128
"../../../Engine/Content/EditorSounds/Notifications/CompileSuccess.uasset" 129
"../../../Engine/Content/EditorSounds/Notifications/CompileStart_Cue.uasset" 130
"../../../Engine/Content/EditorSounds/Notifications/CompileSuccess_Cue.uasset" 131
"../../../Engine/Content/EngineDamageTypes/DmgTypeBP_Environmental.uasset" 132
"../../../Engine/Content/EngineDebugMaterials/HeatmapGradient.uasset" 133
"../../../Engine/Content/EngineDebugMaterials/BoneWeightMaterial.uasset" 134
"../../../Engine/Content/EngineDebugMaterials/ClothMaterial.uasset" 135
"../../../Engine/Content/EngineDebugMaterials/ClothMaterial_WF.uasset" 136
"../../../Engine/Content/EngineDebugMaterials/DebugEditorMaterial.uasset" 137
"../../../Engine/Content/EngineDebugMaterials/DebugMeshMaterial.uasset" 138
"../../../Engine/Content/EngineDebugMaterials/GeomMaterial.uasset" 139
"../../../Engine/Content/EngineDebugMaterials/M_SimpleTranslucent.uasset" 140
"../../../Engine/Content/EngineFonts/Faces/RobotoBold.uasset" 141
"../../../Engine/Content/EngineFonts/Faces/RobotoBoldItalic.uasset" 142
"../../../Engine/Content/EngineFonts/Faces/RobotoItalic.uasset" 143
"../../../Engine/Content/EngineFonts/Faces/RobotoLight.uasset" 144
"../../../Engine/Content/EngineFonts/Faces/RobotoRegular.uasset" 145
"../../../Engine/Content/EngineFonts/Roboto.uasset" 146
"../../../Engine/Content/EngineMaterials/BaseFlattenDiffuseMap.uasset" 147
"../../../Engine/Content/EngineMaterials/BaseFlattenEmissiveMap.uasset" 148
"../../../Engine/Content/EngineMaterials/BaseFlattenGrayscaleMap.uasset" 149
"../../../Engine/Content/EngineMaterials/BaseFlattenNormalMap.uasset" 150
"../../../Engine/Content/EngineMaterials/BaseFlattenMaterial.uasset" 151
"../../../Engine/Content/EngineMaterials/DefaultBloomKernel.uasset" 152
"../../../Engine/Content/EngineMaterials/DefaultBokeh.uasset" 153
"../../../Engine/Content/EngineMaterials/DefaultDiffuse.uasset" 154
"../../../Engine/Content/EngineMaterials/DefaultDeferredDecalMaterial.uasset" 155
"../../../Engine/Content/EngineMaterials/DefaultLightFunctionMaterial.uasset" 156
"../../../Engine/Content/EngineMaterials/DefaultPhysicalMaterial.uasset" 157
"../../../Engine/Content/Functions/Engine_MaterialFunctions02/Utility/BreakOutFloat2Components.uasset" 158
"../../../Engine/Content/EngineMaterials/DefaultPostProcessMaterial.uasset" 159
"../../../Engine/Content/EngineFonts/RobotoDistanceField.uasset" 160
"../../../Engine/Content/EngineMaterials/DefaultTextMaterialOpaque.uasset" 161
"../../../Engine/Content/EngineMaterials/DefaultWhiteGrid.uasset" 162
"../../../Engine/Content/EngineMaterials/EditorBrushMaterial.uasset" 163
"../../../Engine/Content/EngineMaterials/Good64x64TilingNoiseHighFreq.uasset" 164
"../../../Engine/Content/EngineMaterials/MiniFont.uasset" 165
"../../../Engine/Content/EngineMaterials/InvalidLightmapSettings.uasset" 166
"../../../Engine/Content/EngineMaterials/M_InvalidLightmapSettings.uasset" 167
"../../../Engine/Content/Functions/Engine_MaterialFunctions02/WorldPositionOffset/CameraOffset.uasset" 168
"../../../Engine/Content/EngineMaterials/PhAT_JointLimitMaterial.uasset" 169
"../../../Engine/Content/EngineMaterials/PreintegratedSkinBRDF.uasset" 170
"../../../Engine/Content/EngineMaterials/RemoveSurfaceMaterial.uasset" 171
"../../../Engine/Content/EngineMaterials/WeightMapPlaceholderTexture.uasset" 172
"../../../Engine/Content/EngineResources/WhiteSquareTexture.uasset" 173
"../../../Engine/Content/EngineMaterials/Widget3DPassThrough.uasset" 174
"../../../Engine/Content/EngineMaterials/Widget3DPassThrough_Masked.uasset" 175
"../../../Engine/Content/EngineMaterials/Widget3DPassThrough_Opaque.uasset" 176
"../../../Engine/Content/EngineMaterials/Widget3DPassThrough_Masked_OneSided.uasset" 177
"../../../Engine/Content/EngineMaterials/Widget3DPassThrough_Opaque_OneSided.uasset" 178
"../../../Engine/Content/EngineMaterials/Widget3DPassThrough_Translucent.uasset" 179
"../../../Engine/Content/EngineMaterials/Widget3DPassThrough_Translucent_OneSided.uasset" 180
"../../../Engine/Content/EngineMeshes/Cylinder.uasset" 181
"../../../Engine/Content/EngineMeshes/Sphere.uasset" 182
"../../../Engine/Content/EngineResources/Black.uasset" 183
"../../../Engine/Content/EngineResources/DefaultTexture.uasset" 184
"../../../Engine/Content/EngineResources/DefaultTextureCube.uasset" 185
"../../../Engine/Content/EngineResources/DefaultVolumeTexture2D.uasset" 186
"../../../Engine/Content/EngineResources/DefaultVolumeTexture.uasset" 187
"../../../Engine/Content/EngineResources/GradientTexture0.uasset" 188
"../../../Engine/Content/EngineSounds/Master.uasset" 189
"../../../Engine/Content/Functions/Engine_MaterialFunctions01/Shading/ConvertFromDiffSpec.uasset" 190
"../../../Engine/Content/Functions/Engine_MaterialFunctions01/Shading/PowerToRoughness.uasset" 191
"../../../Engine/Content/Maps/Templates/Thumbnails/Default.uasset" 192
"../../../Engine/Content/Maps/Templates/Thumbnails/VR-Basic.uasset" 193
"../../../Engine/Content/MobileResources/T_MobileControls_texture.uasset" 194
"../../../Engine/Content/MobileResources/T_MobileMenu2.uasset" 195
"../../../Engine/Content/MobileResources/HUD/AnalogHat.uasset" 196
"../../../Engine/Content/MobileResources/HUD/VirtualJoystick_Background.uasset" 197
"../../../Engine/Content/MobileResources/HUD/VirtualJoystick_Thumb.uasset" 198
"../../../Engine/Content/MobileResources/HUD/DefaultVirtualJoysticks.uasset" 199
"../../../Engine/Content/MobileResources/HUD/LeftVirtualJoystickOnly.uasset" 200
"../../../Engine/Content/MobileResources/HUD/MobileHUDButton1_off.uasset" 201
"../../../Engine/Content/MobileResources/HUD/MobileHUDButton1_on.uasset" 202
"../../../Engine/Content/MobileResources/HUD/MobileHUDButton2_off.uasset" 203
"../../../Engine/Content/MobileResources/HUD/MobileHUDButton2_on.uasset" 204
"../../../Engine/Content/MobileResources/HUD/MobileHUDButton3.uasset" 205
"../../../Engine/Content/MobileResources/HUD/MobileHUDButtonFire.uasset" 206
"../../../Engine/Content/MobileResources/HUD/MobileHUDDirectionPad.uasset" 207
"../../../Engine/Content/MobileResources/HUD/MobileHUDDirectionPad2.uasset" 208
"../../../Engine/Content/MobileResources/HUD/MobileHUDDirectionPad3.uasset" 209
"../../../Engine/Content/MobileResources/HUD/MobileHUDDirectionStick.uasset" 210
"../../../Engine/Content/MobileResources/HUD/T_Castle_ThumbstickInner.uasset" 211
"../../../Engine/Content/MobileResources/HUD/T_Castle_ThumbstickOutter.uasset" 212
"../../../Engine/Content/Tutorial/ContentIntroCurve.uasset" 213
"../../../Engine/Content/VREditor/LaserPointer/VR_LaserPower_01.uasset" 214
"../../../Engine/Content/VREditor/TransformGizmo/TransformGizmoMaterial.uasset" 215
"../../../Engine/Content/VREditor/TransformGizmo/TranslucentTransformGizmoMaterial.uasset" 216
"../../../Engine/Content/VREditor/TransformGizmo/BoundingBoxCorner.uasset" 217
"../../../Engine/Content/VREditor/TransformGizmo/BoundingBoxEdge.uasset" 218
"../../../Engine/Content/VREditor/TransformGizmo/PlaneTranslationHandle.uasset" 219
"../../../Engine/Content/VREditor/TransformGizmo/Main.uasset" 220
"../../../Engine/Content/VREditor/TransformGizmo/Xray.uasset" 221
"../../../Engine/Content/VREditor/TransformGizmo/SM_Sequencer_Key.uasset" 222
"../../../Engine/Content/VREditor/TransformGizmo/SM_Sequencer_Node.uasset" 223
"../../Plugins/2D/Paper2D/Content/PlaceholderTextures/DummySpriteTexture.uasset" 224
"../../Plugins/2D/Paper2D/Content/DummySprite.uasset" 225
"../../Plugins/2D/Paper2D/Content/DefaultPaperTerrainMaterial.uasset" 226
"../../Plugins/2D/Paper2D/Content/DefaultSpriteMaterial.uasset" 227
"../../Plugins/2D/Paper2D/Content/MaskedUnlitSpriteMaterial.uasset" 228
"../../Plugins/2D/Paper2D/Content/OpaqueUnlitSpriteMaterial.uasset" 229
"../../Plugins/Runtime/Oculus/OculusVR/Content/Materials/PokeAHoleMaterial.uasset" 230
"../../Plugins/Runtime/Oculus/OculusVR/Content/Textures/GearVRController_AO.uasset" 231
"../../Plugins/Runtime/Oculus/OculusVR/Content/Textures/GearVRController_Color.uasset" 232
"../../Plugins/Runtime/Oculus/OculusVR/Content/Textures/GearVRController_Normal.uasset" 233
"../../Plugins/Runtime/Oculus/OculusVR/Content/Materials/GearVRControllerMaterial.uasset" 234
"../../Plugins/Runtime/Oculus/OculusVR/Content/Meshes/GearVrController.uasset" 235
"../../Plugins/Runtime/Oculus/OculusVR/Content/Textures/touchController_albedo.uasset" 236
"../../Plugins/Runtime/Oculus/OculusVR/Content/Textures/touchController_controlmap.uasset" 237
"../../Plugins/Runtime/Oculus/OculusVR/Content/Materials/touchController_mat.uasset" 238
"../../Plugins/Runtime/Oculus/OculusVR/Content/Meshes/LeftTouchController.uasset" 239
"../../Plugins/Runtime/Oculus/OculusVR/Content/Meshes/RiftHMD.uasset" 240
"../../Plugins/Runtime/Oculus/OculusVR/Content/Meshes/RightTouchController.uasset" 241
"../../../Engine/Content/EditorBlueprintResources/StandardMacros.uasset" 242
"../../../../../Code/TakenAway/TakenAway/Content/Textures/Dev/Dev_Texture_Projectile.uasset" 243
"../../../../../Code/TakenAway/TakenAway/Content/Sprites/Dev/Dev_Bullet.uasset" 244
"../../../../../Code/TakenAway/TakenAway/Content/Blueprints/Actors/bullet.uasset" 245
"../../../../../Code/TakenAway/TakenAway/Content/Blueprints/Core/WeaponInfo.uasset" 246
"../../../../../Code/TakenAway/TakenAway/Content/Blueprints/Core/Weapons.uasset" 247
"../../../../../Code/TakenAway/TakenAway/Content/Textures/Basic_Pistol.uasset" 248
"../../../../../Code/TakenAway/TakenAway/Content/Sprites/Basic_Pistol_Sprite.uasset" 249
"../../../../../Code/TakenAway/TakenAway/Content/Textures/Dev/Dev_Texture_Gun.uasset" 250
"../../../../../Code/TakenAway/TakenAway/Content/Sprites/Dev/Dev_Gun.uasset" 251
"../../../../../Code/TakenAway/TakenAway/Content/Textures/Texture_Knife_Side.uasset" 252
"../../../../../Code/TakenAway/TakenAway/Content/Sprites/Texture_Knife_Side_Sprite.uasset" 253
"../../../../../Code/TakenAway/TakenAway/Content/Textures/Texture_Shotgun_Side.uasset" 254
"../../../../../Code/TakenAway/TakenAway/Content/Sprites/Texture_Shotgun_Side_Sprite.uasset" 255
"../../../../../Code/TakenAway/TakenAway/Content/Blueprints/Actors/Weapon.uasset" 256
"../../../../../Code/TakenAway/TakenAway/Content/Blueprints/Core/CoreInstance.uasset" 257
"../../../../../Code/TakenAway/TakenAway/Content/Blueprints/Core/MovementDirection.uasset" 258
"../../../../../Code/TakenAway/TakenAway/Content/Textures/Body_Enemy.uasset" 259
"../../../../../Code/TakenAway/TakenAway/Content/Sprites/Body_Enemy_Sprite.uasset" 260
"../../../../../Code/TakenAway/TakenAway/Content/Sprites/Useful/BlueBody.uasset" 261
"../../../../../Code/TakenAway/TakenAway/Content/Sprites/Useful/BlueBodyKnife.uasset" 262
"../../../../../Code/TakenAway/TakenAway/Content/Textures/Body_Armed_Enemy.uasset" 263
"../../../../../Code/TakenAway/TakenAway/Content/Sprites/Body_Armed_Enemy_Sprite.uasset" 264
"../../../../../Code/TakenAway/TakenAway/Content/Sprites/Useful/BlueBodyPistol.uasset" 265
"../../../../../Code/TakenAway/TakenAway/Content/Textures/Enemy_Armed_Shotgun.uasset" 266
"../../../../../Code/TakenAway/TakenAway/Content/Sprites/Enemy_Armed_Shotgun_Sprite.uasset" 267
"../../../../../Code/TakenAway/TakenAway/Content/Sprites/Useful/BlueBodyShotgun.uasset" 268
"../../../../../Code/TakenAway/TakenAway/Content/Textures/Body_Dead_Enemy.uasset" 269
"../../../../../Code/TakenAway/TakenAway/Content/Sprites/Body_Dead_Enemy_Sprite.uasset" 270
"../../../../../Code/TakenAway/TakenAway/Content/Sprites/Useful/BlueDead.uasset" 271
"../../../../../Code/TakenAway/TakenAway/Content/Textures/Body_Armed_Shotgun.uasset" 272
"../../../../../Code/TakenAway/TakenAway/Content/Sprites/Body_Armed_Shotgun_Sprite.uasset" 273
"../../../../../Code/TakenAway/TakenAway/Content/Sprites/Useful/Red_Body_Armed_Shotgun.uasset" 274
"../../../../../Code/TakenAway/TakenAway/Content/Textures/Body.uasset" 275
"../../../../../Code/TakenAway/TakenAway/Content/Sprites/Body_Sprite.uasset" 276
"../../../../../Code/TakenAway/TakenAway/Content/Sprites/Useful/RedBody.uasset" 277
"../../../../../Code/TakenAway/TakenAway/Content/Sprites/Useful/RedBodyKnife.uasset" 278
"../../../../../Code/TakenAway/TakenAway/Content/Textures/Body_Armed.uasset" 279
"../../../../../Code/TakenAway/TakenAway/Content/Sprites/Body_Armed_Sprite.uasset" 280
"../../../../../Code/TakenAway/TakenAway/Content/Sprites/Useful/RedBodyPistol.uasset" 281
"../../../../../Code/TakenAway/TakenAway/Content/Textures/Body_Dead.uasset" 282
"../../../../../Code/TakenAway/TakenAway/Content/Sprites/Body_Dead_Sprite.uasset" 283
"../../../../../Code/TakenAway/TakenAway/Content/Sprites/Useful/RedDead.uasset" 284
"../../../../../Code/TakenAway/TakenAway/Content/Textures/Head.uasset" 285
"../../../../../Code/TakenAway/TakenAway/Content/Sprites/Head_Sprite.uasset" 286
"../../../../../Code/TakenAway/TakenAway/Content/Sprites/Useful/RedHead.uasset" 287
"../../../../../Code/TakenAway/TakenAway/Content/Textures/Body_Punch-sheet.uasset" 288
"../../../../../Code/TakenAway/TakenAway/Content/Sprites/Body_Punch-sheet_Sprite_0.uasset" 289
"../../../../../Code/TakenAway/TakenAway/Content/Sprites/Body_Punch-sheet_Sprite_1.uasset" 290
"../../../../../Code/TakenAway/TakenAway/Content/Sprites/Body_Punch-sheet_Sprite_2.uasset" 291
"../../../../../Code/TakenAway/TakenAway/Content/Sprites/Body_Punch-sheet_Sprite_3.uasset" 292
"../../../../../Code/TakenAway/TakenAway/Content/Sprites/Body_Punch-sheet_Sprite_4.uasset" 293
"../../../../../Code/TakenAway/TakenAway/Content/Sprites/Body_Punch-sheet_Sprite_5.uasset" 294
"../../../../../Code/TakenAway/TakenAway/Content/Sprites/Body_Punch-sheet_Sprite_6.uasset" 295
"../../../../../Code/TakenAway/TakenAway/Content/Sprites/Useful/RedPunch.uasset" 296
"../../../../../Code/TakenAway/TakenAway/Content/Textures/Feet_sheet.uasset" 297
"../../../../../Code/TakenAway/TakenAway/Content/Sprites/Feet_sheet_Sprite_0.uasset" 298
"../../../../../Code/TakenAway/TakenAway/Content/Sprites/Feet_sheet_Sprite_1.uasset" 299
"../../../../../Code/TakenAway/TakenAway/Content/Sprites/Feet_sheet_Sprite_2.uasset" 300
"../../../../../Code/TakenAway/TakenAway/Content/Sprites/Feet_sheet_Sprite_3.uasset" 301
"../../../../../Code/TakenAway/TakenAway/Content/Sprites/Useful/RedWalk.uasset" 302
"../../../../../Code/TakenAway/TakenAway/Content/Blueprints/Actors/TakenMainCharacter.uasset" 303
"../../../../../Code/TakenAway/TakenAway/Content/Textures/Head_Enemy.uasset" 304
"../../../../../Code/TakenAway/TakenAway/Content/Sprites/Head_Enemy_Sprite.uasset" 305
"../../../../../Code/TakenAway/TakenAway/Content/Sprites/Useful/BlueHead.uasset" 306
"../../../../../Code/TakenAway/TakenAway/Content/Blueprints/Actors/Enemy.uasset" 307
"../../../../../Code/TakenAway/TakenAway/Content/Blueprints/Core/CorePC.uasset" 308
"../../../../../Code/TakenAway/TakenAway/Content/Sprites/Useful/FSEX300.uasset" 309
"../../../../../Code/TakenAway/TakenAway/Content/Sprites/Useful/FSEX300_Font.uasset" 310
"../../../../../Code/TakenAway/TakenAway/Content/Textures/UI/Player_Text_Box.uasset" 311
"../../../../../Code/TakenAway/TakenAway/Content/Blueprints/UI/HUD.uasset" 312
"../../../../../Code/TakenAway/TakenAway/Content/Blueprints/Core/CoreGameMode.uasset" 313
"../../../../../Code/TakenAway/TakenAway/Content/Blueprints/Levels/CoreMap_BuiltData.uasset" 314
"../../../Engine/Content/BasicShapes/BasicShapeMaterial.uasset" 315
"../../../Engine/Content/BasicShapes/Plane.uasset" 316
"../../../../../Code/TakenAway/TakenAway/Content/Sprites/Tiles/Wall_Floor_Sheet_GoodPadded.uasset" 317
"../../../../../Code/TakenAway/TakenAway/Content/Sprites/Tiles/Wall_Floor_Sheet_Good_TileSet.uasset" 318
"../../../../../Code/TakenAway/TakenAway/Content/Blueprints/Debug/Dev_Map.uasset" 319
"../../../../../Code/TakenAway/TakenAway/Content/Blueprints/Levels/CoreMap.umap" 320
"../../../../../Code/TakenAway/TakenAway/Content/Blueprints/Core/Intro.uasset" 321
"../../Plugins/2D/Paper2D/Content/TranslucentUnlitSpriteMaterial.uasset" 322
"../../../../../Code/TakenAway/TakenAway/Content/Sprites/Sofa.uasset" 323
"../../../../../Code/TakenAway/TakenAway/Content/Sprites/Sofa_Sprite.uasset" 324
"../../../../../Code/TakenAway/TakenAway/Content/Blueprints/Levels/Level0.umap" 325
"../../../../../Code/TakenAway/TakenAway/Content/Blueprints/Levels/TileMaps/Level1.uasset" 326
"../../../../../Code/TakenAway/TakenAway/Content/Blueprints/Levels/Level1.umap" 327
"../../../../../Code/TakenAway/TakenAway/Content/Blueprints/Levels/TileMaps/Level2.uasset" 328
"../../../../../Code/TakenAway/TakenAway/Content/Blueprints/Levels/Level2.umap" 329
"../../../../../Code/TakenAway/TakenAway/Content/Blueprints/Levels/TileMaps/Level3.uasset" 330
"../../../../../Code/TakenAway/TakenAway/Content/Blueprints/Levels/Level3.umap" 331
"../../../../../Code/TakenAway/TakenAway/Content/Blueprints/Levels/TileMaps/Level4.uasset" 332
"../../../../../Code/TakenAway/TakenAway/Content/Blueprints/Levels/Level4.umap" 333
"../../../../../Code/TakenAway/TakenAway/Content/Textures/Baby.uasset" 334
"../../../../../Code/TakenAway/TakenAway/Content/Textures/Baby_Sprite.uasset" 335
"../../../../../Code/TakenAway/TakenAway/Content/Blueprints/Core/Baby_Sprite_Blueprint.uasset" 336
"../../../../../Code/TakenAway/TakenAway/Content/Blueprints/Levels/TileMaps/Level5.uasset" 337
"../../../../../Code/TakenAway/TakenAway/Content/Textures/Plant.uasset" 338
"../../../../../Code/TakenAway/TakenAway/Content/Textures/Plant_Sprite.uasset" 339
"../../../../../Code/TakenAway/TakenAway/Content/Blueprints/Levels/Level5.umap" 340
"../../../../../Code/TakenAway/TakenAway/Content/Blueprints/Core/Maps.uasset" 341
"../../../../../Code/TakenAway/TakenAway/Content/Textures/UI/Arrow_Left.uasset" 342
"../../../../../Code/TakenAway/TakenAway/Content/Textures/UI/Arrow_Right.uasset" 343
"../../../../../Code/TakenAway/TakenAway/Content/Textures/UI/Menu_Page.uasset" 344
"../../../../../Code/TakenAway/TakenAway/Content/Textures/UI/Play.uasset" 345
"../../../../../Code/TakenAway/TakenAway/Content/Blueprints/UI/MainMenu.uasset" 346
"../../../../../Code/TakenAway/TakenAway/Content/Blueprints/Levels/MainMenu.umap" 347
"../../../Engine/Content/Maps/Entry_BuiltData.uasset" 348
"../../../Engine/Content/Maps/Entry.umap" 349
