Log file open, 01/25/19 19:57:22
LogWindows: Failed to load 'aqProf.dll' (GetLastError=126)
LogWindows: File 'aqProf.dll' does not exist
LogWindows: Failed to load 'VtuneApi.dll' (GetLastError=126)
LogWindows: File 'VtuneApi.dll' does not exist
LogWindows: Failed to load 'VtuneApi32e.dll' (GetLastError=126)
LogWindows: File 'VtuneApi32e.dll' does not exist
LogConsoleResponse: Display: Failed to find resolution value strings in scalability ini. Falling back to default.
LogInit: Display: Running engine for game: TakenAway
LogPakFile: Registered encryption key '00000000000000000000000000000000': 0 pak files mounted, 0 remain pending
LogPlatformFile: Not using cached read wrapper
LogTaskGraph: Started task graph with 5 named threads and 23 total threads with 3 sets of task threads.
LogStats: Stats thread started at 0.267430
LogD3D11RHI: Loaded GFSDK_Aftermath_Lib.x64.dll
LogICUInternationalization: ICU TimeZone Detection - Raw Offset: +0:00, Platform Override: ''
LogPluginManager: Mounting plugin Paper2D
LogPluginManager: Mounting plugin AISupport
LogPluginManager: Mounting plugin LightPropagationVolume
LogPluginManager: Mounting plugin ActorLayerUtilities
LogPluginManager: Mounting plugin CLionSourceCodeAccess
LogPluginManager: Mounting plugin CodeLiteSourceCodeAccess
LogPluginManager: Mounting plugin GitSourceControl
LogPluginManager: Mounting plugin KDevelopSourceCodeAccess
LogPluginManager: Mounting plugin NullSourceCodeAccess
LogPluginManager: Mounting plugin PerforceSourceControl
LogPluginManager: Mounting plugin SubversionSourceControl
LogPluginManager: Mounting plugin UObjectPlugin
LogPluginManager: Mounting plugin VisualStudioCodeSourceCodeAccess
LogPluginManager: Mounting plugin VisualStudioSourceCodeAccess
LogPluginManager: Mounting plugin XCodeSourceCodeAccess
LogPluginManager: Mounting plugin AssetManagerEditor
LogPluginManager: Mounting plugin CryptoKeys
LogPluginManager: Mounting plugin DataValidation
LogPluginManager: Mounting plugin FacialAnimation
LogPluginManager: Mounting plugin GameplayTagsEditor
LogPluginManager: Mounting plugin MacGraphicsSwitching
LogPluginManager: Mounting plugin MeshEditor
LogPluginManager: Mounting plugin MobileLauncherProfileWizard
LogPluginManager: Mounting plugin PluginBrowser
LogPluginManager: Mounting plugin SpeedTreeImporter
LogPluginManager: Mounting plugin DatasmithContent
LogPluginManager: Mounting plugin VariantManagerContent
LogPluginManager: Mounting plugin AlembicImporter
LogPluginManager: Mounting plugin AppleImageUtils
LogPluginManager: Mounting plugin AppleVision
LogPluginManager: Mounting plugin BackChannel
LogPluginManager: Mounting plugin CharacterAI
LogPluginManager: Mounting plugin GeometryCache
LogPluginManager: Mounting plugin HTML5Networking
LogPluginManager: Mounting plugin ProxyLODPlugin
LogPluginManager: Mounting plugin MagicLeap
LogPluginManager: Mounting plugin MagicLeapMedia
LogPluginManager: Mounting plugin AndroidMedia
LogPluginManager: Mounting plugin AvfMedia
LogPluginManager: Mounting plugin ImgMedia
LogPluginManager: Mounting plugin LinearTimecode
LogPluginManager: Mounting plugin MediaCompositing
LogPluginManager: Mounting plugin MediaPlayerEditor
LogPluginManager: Mounting plugin WebMMedia
LogPluginManager: Mounting plugin WmfMedia
LogPluginManager: Mounting plugin TcpMessaging
LogPluginManager: Mounting plugin UdpMessaging
LogPluginManager: Mounting plugin ActorSequence
LogPluginManager: Mounting plugin LevelSequenceEditor
LogPluginManager: Mounting plugin MatineeToLevelSequence
LogPluginManager: Mounting plugin NetcodeUnitTest
LogPluginManager: Mounting plugin NUTUnrealEngine4
LogPluginManager: Mounting plugin OnlineSubsystemGooglePlay
LogPluginManager: Mounting plugin OnlineSubsystemIOS
LogPluginManager: Mounting plugin OnlineSubsystem
LogPluginManager: Mounting plugin OnlineSubsystemNull
LogPluginManager: Mounting plugin OnlineSubsystemUtils
LogPluginManager: Mounting plugin LauncherChunkInstaller
LogPluginManager: Mounting plugin AndroidDeviceProfileSelector
LogPluginManager: Mounting plugin AndroidMoviePlayer
LogPluginManager: Mounting plugin AndroidPermission
LogPluginManager: Mounting plugin AppleMoviePlayer
LogPluginManager: Mounting plugin ArchVisCharacter
LogPluginManager: Mounting plugin AudioCapture
LogPluginManager: Mounting plugin CableComponent
LogPluginManager: Mounting plugin CustomMeshComponent
LogPluginManager: Mounting plugin EditableMesh
LogPluginManager: Mounting plugin ExampleDeviceProfileSelector
LogPluginManager: Mounting plugin Firebase
LogPluginManager: Mounting plugin GoogleCloudMessaging
LogPluginManager: Mounting plugin IOSDeviceProfileSelector
LogPluginManager: Mounting plugin LinuxDeviceProfileSelector
LogPluginManager: Mounting plugin LocationServicesBPLibrary
LogPluginManager: Mounting plugin MobilePatchingUtils
LogPluginManager: Mounting plugin OculusVR
LogPluginManager: Mounting plugin PhysXVehicles
LogPluginManager: Mounting plugin ProceduralMeshComponent
LogPluginManager: Mounting plugin RuntimePhysXCooking
LogPluginManager: Mounting plugin SteamVR
LogPluginManager: Mounting plugin WebMMoviePlayer
LogPluginManager: Mounting plugin WindowsMoviePlayer
LogStreaming: Display: Took  0.131s to configure plugins.
LogInit: Using libcurl 7.55.1-DEV
LogInit:  - built for x86_64-pc-win32
LogInit:  - supports SSL with OpenSSL/1.0.2h
LogInit:  - supports HTTP deflate (compression) using libz 1.2.8
LogInit:  - other features:
LogInit:      CURL_VERSION_SSL
LogInit:      CURL_VERSION_LIBZ
LogInit:      CURL_VERSION_IPV6
LogInit:      CURL_VERSION_ASYNCHDNS
LogInit:      CURL_VERSION_LARGEFILE
LogInit:      CURL_VERSION_IDN
LogInit:  CurlRequestOptions (configurable via config and command line):
LogInit:  - bVerifyPeer = true  - Libcurl will verify peer certificate
LogInit:  - bUseHttpProxy = false  - Libcurl will NOT use HTTP proxy
LogInit:  - bDontReuseConnections = false  - Libcurl will reuse connections
LogInit:  - MaxHostConnections = 16  - Libcurl will limit the number of connections to a host
LogInit:  - LocalHostAddr = Default
LogInit:  - BufferSize = 65536
LogInit: WinSock: version 1.1 (2.2), MaxSocks=32767, MaxUdp=65467
LogInit: Build: ++UE4+Release-4.21-CL-4753647
LogInit: Engine Version: 4.21.2-4753647+++UE4+Release-4.21
LogInit: Compatible Engine Version: 4.21.0-4541578+++UE4+Release-4.21
LogInit: Net CL: 4541578
LogInit: OS: Windows 10 (), CPU: Intel(R) Core(TM) i7-6700K CPU @ 4.00GHz, GPU: NVIDIA TITAN X (Pascal)
LogInit: Compiled (64-bit): Jan 19 2019 02:07:31
LogInit: Compiled with Visual C++: 19.13.26129.00
LogInit: Build Configuration: Development
LogInit: Branch Name: ++UE4+Release-4.21
LogInit: Command Line: 
LogInit: Base Directory: D:/Epic Games/UE_4.21/Engine/Binaries/Win64/
LogInit: Installed Engine Build: 1
LogDevObjectVersion: Number of dev versions registered: 22
LogDevObjectVersion:   Dev-Blueprints (B0D832E4-1F89-4F0D-ACCF-7EB736FD4AA2): 10
LogDevObjectVersion:   Dev-Build (E1C64328-A22C-4D53-A36C-8E866417BD8C): 0
LogDevObjectVersion:   Dev-Core (375EC13C-06E4-48FB-B500-84F0262A717E): 2
LogDevObjectVersion:   Dev-Editor (E4B068ED-F494-42E9-A231-DA0B2E46BB41): 26
LogDevObjectVersion:   Dev-Framework (CFFC743F-43B0-4480-9391-14DF171D2073): 34
LogDevObjectVersion:   Dev-Mobile (B02B49B5-BB20-44E9-A304-32B752E40360): 2
LogDevObjectVersion:   Dev-Networking (A4E4105C-59A1-49B5-A7C5-40C4547EDFEE): 0
LogDevObjectVersion:   Dev-Online (39C831C9-5AE6-47DC-9A44-9C173E1C8E7C): 0
LogDevObjectVersion:   Dev-Physics (78F01B33-EBEA-4F98-B9B4-84EACCB95AA2): 0
LogDevObjectVersion:   Dev-Platform (6631380F-2D4D-43E0-8009-CF276956A95A): 0
LogDevObjectVersion:   Dev-Rendering (12F88B9F-8875-4AFC-A67C-D90C383ABD29): 27
LogDevObjectVersion:   Dev-Sequencer (7B5AE74C-D270-4C10-A958-57980B212A5A): 9
LogDevObjectVersion:   Dev-VR (D7296918-1DD6-4BDD-9DE2-64A83CC13884): 2
LogDevObjectVersion:   Dev-LoadTimes (C2A15278-BFE7-4AFE-6C17-90FF531DF755): 1
LogDevObjectVersion:   Private-Geometry (6EACA3D4-40EC-4CC1-B786-8BED09428FC5): 3
LogDevObjectVersion:   Dev-AnimPhys (29E575DD-E0A3-4627-9D10-D276232CDCEA): 17
LogDevObjectVersion:   Dev-Anim (AF43A65D-7FD3-4947-9873-3E8ED9C1BB05): 2
LogDevObjectVersion:   Dev-ReflectionCapture (6B266CEC-1EC7-4B8F-A30B-E4D90942FC07): 1
LogDevObjectVersion:   Dev-Automation (0DF73D61-A23F-47EA-B727-89E90C41499A): 1
LogDevObjectVersion:   FortniteMain (601D1886-AC64-4F84-AA16-D3DE0DEAC7D6): 17
LogDevObjectVersion:   Dev-Enterprise (9DFFBCD6-494F-0158-E221-12823C92A888): 4
LogDevObjectVersion:   Dev-Niagara (F2AED0AC-9AFE-416F-8664-AA7FFA26D6FC): 1
LogStreaming: Display: Took  0.000s to delete old logs.
LogInit: Presizing for max 8388607 objects, including 0 objects not considered by GC, pre-allocating 0 bytes for permanent pool.
LogInit: Object subsystem initialized
LogConfig: Setting CVar [[con.DebugEarlyDefault:1]]
LogConfig: Setting CVar [[r.setres:1280x720]]
[2019.01.25-19.57.22:839][  0]LogConfig: Setting CVar [[r.VSync:0]]
[2019.01.25-19.57.22:839][  0]LogConfig: Setting CVar [[r.RHICmdBypass:0]]
[2019.01.25-19.57.22:839][  0]LogConfig: Applying CVar settings from Section [/Script/Engine.RendererSettings] File [D:/Code/TakenAway/TakenAway/Saved/Config/Windows/Engine.ini]
[2019.01.25-19.57.22:839][  0]LogConfig: Setting CVar [[r.GPUCrashDebugging:0]]
[2019.01.25-19.57.22:839][  0]LogConfig: Applying CVar settings from Section [/Script/Engine.RendererOverrideSettings] File [D:/Code/TakenAway/TakenAway/Saved/Config/Windows/Engine.ini]
[2019.01.25-19.57.22:839][  0]LogConfig: Applying CVar settings from Section [/Script/Engine.StreamingSettings] File [D:/Code/TakenAway/TakenAway/Saved/Config/Windows/Engine.ini]
[2019.01.25-19.57.22:839][  0]LogConfig: Setting CVar [[s.MinBulkDataSizeForAsyncLoading:131072]]
[2019.01.25-19.57.22:839][  0]LogConfig: Setting CVar [[s.AsyncLoadingThreadEnabled:0]]
[2019.01.25-19.57.22:839][  0]LogConfig: Setting CVar [[s.EventDrivenLoaderEnabled:1]]
[2019.01.25-19.57.22:839][  0]LogConfig: Setting CVar [[s.WarnIfTimeLimitExceeded:0]]
[2019.01.25-19.57.22:839][  0]LogConfig: Setting CVar [[s.TimeLimitExceededMultiplier:1.5]]
[2019.01.25-19.57.22:839][  0]LogConfig: Setting CVar [[s.TimeLimitExceededMinTime:0.005]]
[2019.01.25-19.57.22:839][  0]LogConfig: Setting CVar [[s.UseBackgroundLevelStreaming:1]]
[2019.01.25-19.57.22:839][  0]LogConfig: Setting CVar [[s.PriorityAsyncLoadingExtraTime:15.0]]
[2019.01.25-19.57.22:839][  0]LogConfig: Setting CVar [[s.LevelStreamingActorsUpdateTimeLimit:5.0]]
[2019.01.25-19.57.22:839][  0]LogConfig: Setting CVar [[s.PriorityLevelStreamingActorsUpdateExtraTime:5.0]]
[2019.01.25-19.57.22:839][  0]LogConfig: Setting CVar [[s.LevelStreamingComponentsRegistrationGranularity:10]]
[2019.01.25-19.57.22:839][  0]LogConfig: Setting CVar [[s.UnregisterComponentsTimeLimit:1.0]]
[2019.01.25-19.57.22:839][  0]LogConfig: Setting CVar [[s.LevelStreamingComponentsUnregistrationGranularity:5]]
[2019.01.25-19.57.22:839][  0]LogConfig: Applying CVar settings from Section [/Script/Engine.GarbageCollectionSettings] File [D:/Code/TakenAway/TakenAway/Saved/Config/Windows/Engine.ini]
[2019.01.25-19.57.22:839][  0]LogConfig: Setting CVar [[gc.MaxObjectsNotConsideredByGC:1]]
[2019.01.25-19.57.22:839][  0]LogConfig: Setting CVar [[gc.SizeOfPermanentObjectPool:0]]
[2019.01.25-19.57.22:839][  0]LogConfig: Setting CVar [[gc.FlushStreamingOnGC:0]]
[2019.01.25-19.57.22:839][  0]LogConfig: Setting CVar [[gc.NumRetriesBeforeForcingGC:10]]
[2019.01.25-19.57.22:839][  0]LogConfig: Setting CVar [[gc.AllowParallelGC:1]]
[2019.01.25-19.57.22:839][  0]LogConfig: Setting CVar [[gc.TimeBetweenPurgingPendingKillObjects:61.1]]
[2019.01.25-19.57.22:839][  0]LogConfig: Setting CVar [[gc.MaxObjectsInEditor:8388607]]
[2019.01.25-19.57.22:840][  0]LogConfig: Setting CVar [[gc.IncrementalBeginDestroyEnabled:1]]
[2019.01.25-19.57.22:840][  0]LogConfig: Setting CVar [[gc.CreateGCClusters:1]]
[2019.01.25-19.57.22:840][  0]LogConfig: Setting CVar [[gc.MergeGCClusters:0]]
[2019.01.25-19.57.22:840][  0]LogConfig: Setting CVar [[gc.MinGCClusterSize:5]]
[2019.01.25-19.57.22:840][  0]LogConfig: Setting CVar [[gc.ActorClusteringEnabled:0]]
[2019.01.25-19.57.22:840][  0]LogConfig: Setting CVar [[gc.BlueprintClusteringEnabled:0]]
[2019.01.25-19.57.22:840][  0]LogConfig: Setting CVar [[gc.UseDisregardForGCOnDedicatedServers:0]]
[2019.01.25-19.57.22:840][  0]LogConfig: Applying CVar settings from Section [/Script/Engine.NetworkSettings] File [D:/Code/TakenAway/TakenAway/Saved/Config/Windows/Engine.ini]
[2019.01.25-19.57.22:840][  0]LogConfig: Applying CVar settings from Section [/Script/UnrealEd.CookerSettings] File [D:/Code/TakenAway/TakenAway/Saved/Config/Windows/Engine.ini]
[2019.01.25-19.57.22:844][  0]LogConfig: Applying CVar settings from Section [ViewDistanceQuality@3] File [D:/Code/TakenAway/TakenAway/Saved/Config/Windows/Scalability.ini]
[2019.01.25-19.57.22:844][  0]LogConfig: Setting CVar [[r.SkeletalMeshLODBias:0]]
[2019.01.25-19.57.22:844][  0]LogConfig: Setting CVar [[r.ViewDistanceScale:1.0]]
[2019.01.25-19.57.22:844][  0]LogConfig: Applying CVar settings from Section [AntiAliasingQuality@3] File [D:/Code/TakenAway/TakenAway/Saved/Config/Windows/Scalability.ini]
[2019.01.25-19.57.22:844][  0]LogConfig: Setting CVar [[r.PostProcessAAQuality:4]]
[2019.01.25-19.57.22:844][  0]LogConfig: Applying CVar settings from Section [ShadowQuality@3] File [D:/Code/TakenAway/TakenAway/Saved/Config/Windows/Scalability.ini]
[2019.01.25-19.57.22:844][  0]LogConfig: Setting CVar [[r.LightFunctionQuality:1]]
[2019.01.25-19.57.22:844][  0]LogConfig: Setting CVar [[r.ShadowQuality:5]]
[2019.01.25-19.57.22:844][  0]LogConfig: Setting CVar [[r.Shadow.CSM.MaxCascades:10]]
[2019.01.25-19.57.22:844][  0]LogConfig: Setting CVar [[r.Shadow.MaxResolution:2048]]
[2019.01.25-19.57.22:844][  0]LogConfig: Setting CVar [[r.Shadow.MaxCSMResolution:2048]]
[2019.01.25-19.57.22:844][  0]LogConfig: Setting CVar [[r.Shadow.RadiusThreshold:0.01]]
[2019.01.25-19.57.22:844][  0]LogConfig: Setting CVar [[r.Shadow.DistanceScale:1.0]]
[2019.01.25-19.57.22:844][  0]LogConfig: Setting CVar [[r.Shadow.CSM.TransitionScale:1.0]]
[2019.01.25-19.57.22:844][  0]LogConfig: Setting CVar [[r.Shadow.PreShadowResolutionFactor:1.0]]
[2019.01.25-19.57.22:844][  0]LogConfig: Setting CVar [[r.DistanceFieldShadowing:1]]
[2019.01.25-19.57.22:844][  0]LogConfig: Setting CVar [[r.DistanceFieldAO:1]]
[2019.01.25-19.57.22:844][  0]LogConfig: Setting CVar [[r.AOQuality:2]]
[2019.01.25-19.57.22:844][  0]LogConfig: Setting CVar [[r.VolumetricFog:1]]
[2019.01.25-19.57.22:844][  0]LogConfig: Setting CVar [[r.VolumetricFog.GridPixelSize:8]]
[2019.01.25-19.57.22:844][  0]LogConfig: Setting CVar [[r.VolumetricFog.GridSizeZ:128]]
[2019.01.25-19.57.22:844][  0]LogConfig: Setting CVar [[r.VolumetricFog.HistoryMissSupersampleCount:4]]
[2019.01.25-19.57.22:844][  0]LogConfig: Setting CVar [[r.LightMaxDrawDistanceScale:1]]
[2019.01.25-19.57.22:844][  0]LogConfig: Setting CVar [[r.CapsuleShadows:1]]
[2019.01.25-19.57.22:844][  0]LogConfig: Applying CVar settings from Section [PostProcessQuality@3] File [D:/Code/TakenAway/TakenAway/Saved/Config/Windows/Scalability.ini]
[2019.01.25-19.57.22:844][  0]LogConfig: Setting CVar [[r.MotionBlurQuality:4]]
[2019.01.25-19.57.22:844][  0]LogConfig: Setting CVar [[r.AmbientOcclusionMipLevelFactor:0.4]]
[2019.01.25-19.57.22:844][  0]LogConfig: Setting CVar [[r.AmbientOcclusionMaxQuality:100]]
[2019.01.25-19.57.22:844][  0]LogConfig: Setting CVar [[r.AmbientOcclusionLevels:-1]]
[2019.01.25-19.57.22:845][  0]LogConfig: Setting CVar [[r.AmbientOcclusionRadiusScale:1.0]]
[2019.01.25-19.57.22:845][  0]LogConfig: Setting CVar [[r.DepthOfFieldQuality:2]]
[2019.01.25-19.57.22:845][  0]LogConfig: Setting CVar [[r.RenderTargetPoolMin:400]]
[2019.01.25-19.57.22:845][  0]LogConfig: Setting CVar [[r.LensFlareQuality:2]]
[2019.01.25-19.57.22:845][  0]LogConfig: Setting CVar [[r.SceneColorFringeQuality:1]]
[2019.01.25-19.57.22:845][  0]LogConfig: Setting CVar [[r.EyeAdaptationQuality:2]]
[2019.01.25-19.57.22:845][  0]LogConfig: Setting CVar [[r.BloomQuality:5]]
[2019.01.25-19.57.22:845][  0]LogConfig: Setting CVar [[r.FastBlurThreshold:100]]
[2019.01.25-19.57.22:845][  0]LogConfig: Setting CVar [[r.Upscale.Quality:3]]
[2019.01.25-19.57.22:845][  0]LogConfig: Setting CVar [[r.Tonemapper.GrainQuantization:1]]
[2019.01.25-19.57.22:845][  0]LogConfig: Setting CVar [[r.LightShaftQuality:1]]
[2019.01.25-19.57.22:845][  0]LogConfig: Setting CVar [[r.Filter.SizeScale:1]]
[2019.01.25-19.57.22:845][  0]LogConfig: Setting CVar [[r.Tonemapper.Quality:5]]
[2019.01.25-19.57.22:845][  0]LogConfig: Setting CVar [[r.DOF.Gather.AccumulatorQuality:1        ; higher gathering accumulator quality]]
[2019.01.25-19.57.22:845][  0]LogConfig: Setting CVar [[r.DOF.Gather.PostfilterMethod:1          ; Median3x3 postfilering method]]
[2019.01.25-19.57.22:845][  0]LogConfig: Setting CVar [[r.DOF.Gather.EnableBokehSettings:0       ; no bokeh simulation when gathering]]
[2019.01.25-19.57.22:845][  0]LogConfig: Setting CVar [[r.DOF.Gather.RingCount:4                 ; medium number of samples when gathering]]
[2019.01.25-19.57.22:845][  0]LogConfig: Setting CVar [[r.DOF.Scatter.ForegroundCompositing:1    ; additive foreground scattering]]
[2019.01.25-19.57.22:845][  0]LogConfig: Setting CVar [[r.DOF.Scatter.BackgroundCompositing:2    ; additive background scattering]]
[2019.01.25-19.57.22:845][  0]LogConfig: Setting CVar [[r.DOF.Scatter.EnableBokehSettings:1      ; bokeh simulation when scattering]]
[2019.01.25-19.57.22:845][  0]LogConfig: Setting CVar [[r.DOF.Scatter.MaxSpriteRatio:0.1         ; only a maximum of 10% of scattered bokeh]]
[2019.01.25-19.57.22:845][  0]LogConfig: Setting CVar [[r.DOF.Recombine.Quality:1                ; cheap slight out of focus]]
[2019.01.25-19.57.22:845][  0]LogConfig: Setting CVar [[r.DOF.Recombine.EnableBokehSettings:0    ; no bokeh simulation on slight out of focus]]
[2019.01.25-19.57.22:845][  0]LogConfig: Setting CVar [[r.DOF.TemporalAAQuality:1                ; more stable temporal accumulation]]
[2019.01.25-19.57.22:845][  0]LogConfig: Setting CVar [[r.DOF.Kernel.MaxForegroundRadius:0.025]]
[2019.01.25-19.57.22:845][  0]LogConfig: Setting CVar [[r.DOF.Kernel.MaxBackgroundRadius:0.025]]
[2019.01.25-19.57.22:845][  0]LogConfig: Applying CVar settings from Section [TextureQuality@3] File [D:/Code/TakenAway/TakenAway/Saved/Config/Windows/Scalability.ini]
[2019.01.25-19.57.22:845][  0]LogConfig: Setting CVar [[r.Streaming.MipBias:0]]
[2019.01.25-19.57.22:845][  0]LogConfig: Setting CVar [[r.Streaming.AmortizeCPUToGPUCopy:0]]
[2019.01.25-19.57.22:845][  0]LogConfig: Setting CVar [[r.Streaming.MaxNumTexturesToStreamPerFrame:0]]
[2019.01.25-19.57.22:845][  0]LogConfig: Setting CVar [[r.Streaming.Boost:1]]
[2019.01.25-19.57.22:845][  0]LogConfig: Setting CVar [[r.MaxAnisotropy:8]]
[2019.01.25-19.57.22:845][  0]LogConfig: Setting CVar [[r.Streaming.LimitPoolSizeToVRAM:0]]
[2019.01.25-19.57.22:845][  0]LogConfig: Setting CVar [[r.Streaming.PoolSize:1000]]
[2019.01.25-19.57.22:845][  0]LogConfig: Setting CVar [[r.Streaming.MaxEffectiveScreenSize:0]]
[2019.01.25-19.57.22:845][  0]LogConfig: Applying CVar settings from Section [EffectsQuality@3] File [D:/Code/TakenAway/TakenAway/Saved/Config/Windows/Scalability.ini]
[2019.01.25-19.57.22:845][  0]LogConfig: Setting CVar [[r.TranslucencyLightingVolumeDim:64]]
[2019.01.25-19.57.22:845][  0]LogConfig: Setting CVar [[r.RefractionQuality:2]]
[2019.01.25-19.57.22:845][  0]LogConfig: Setting CVar [[r.SSR.Quality:3]]
[2019.01.25-19.57.22:845][  0]LogConfig: Setting CVar [[r.SceneColorFormat:4]]
[2019.01.25-19.57.22:845][  0]LogConfig: Setting CVar [[r.DetailMode:2]]
[2019.01.25-19.57.22:845][  0]LogConfig: Setting CVar [[r.TranslucencyVolumeBlur:1]]
[2019.01.25-19.57.22:845][  0]LogConfig: Setting CVar [[r.MaterialQualityLevel:1 ; High quality]]
[2019.01.25-19.57.22:845][  0]LogConfig: Setting CVar [[r.SSS.Scale:1]]
[2019.01.25-19.57.22:845][  0]LogConfig: Setting CVar [[r.SSS.SampleSet:2]]
[2019.01.25-19.57.22:845][  0]LogConfig: Setting CVar [[r.SSS.Quality:1]]
[2019.01.25-19.57.22:845][  0]LogConfig: Setting CVar [[r.SSS.HalfRes:1]]
[2019.01.25-19.57.22:845][  0]LogConfig: Setting CVar [[r.EmitterSpawnRateScale:1.0]]
[2019.01.25-19.57.22:845][  0]LogConfig: Setting CVar [[r.ParticleLightQuality:2]]
[2019.01.25-19.57.22:845][  0]LogConfig: Applying CVar settings from Section [FoliageQuality@3] File [D:/Code/TakenAway/TakenAway/Saved/Config/Windows/Scalability.ini]
[2019.01.25-19.57.22:845][  0]LogConfig: Setting CVar [[foliage.DensityScale:1.0]]
[2019.01.25-19.57.22:845][  0]LogConfig: Setting CVar [[grass.DensityScale:1.0]]
[2019.01.25-19.57.22:845][  0]LogInit: Selected Device Profile: [Windows]
[2019.01.25-19.57.22:845][  0]LogInit: Applying CVar settings loaded from the selected device profile: [Windows]
[2019.01.25-19.57.22:862][  0]LogHAL: Display: Platform has ~ 16 GB [17099763712 / 17179869184 / 16], which maps to Larger [LargestMinGB=32, LargerMinGB=12, DefaultMinGB=8, SmallerMinGB=6, SmallestMinGB=0)
[2019.01.25-19.57.22:862][  0]LogConfig: Setting CVar [[r.Vulkan.UseRealUBs:1]]
[2019.01.25-19.57.22:862][  0]LogInit: Going up to parent DeviceProfile []
[2019.01.25-19.57.22:862][  0]LogConfig: Applying CVar settings from Section [ViewDistanceQuality@3] File [D:/Code/TakenAway/TakenAway/Saved/Config/Windows/Scalability.ini]
[2019.01.25-19.57.22:862][  0]LogConfig: Setting CVar [[r.SkeletalMeshLODBias:0]]
[2019.01.25-19.57.22:862][  0]LogConfig: Setting CVar [[r.ViewDistanceScale:1.0]]
[2019.01.25-19.57.22:862][  0]LogConfig: Applying CVar settings from Section [AntiAliasingQuality@3] File [D:/Code/TakenAway/TakenAway/Saved/Config/Windows/Scalability.ini]
[2019.01.25-19.57.22:862][  0]LogConfig: Setting CVar [[r.PostProcessAAQuality:4]]
[2019.01.25-19.57.22:862][  0]LogConfig: Applying CVar settings from Section [ShadowQuality@3] File [D:/Code/TakenAway/TakenAway/Saved/Config/Windows/Scalability.ini]
[2019.01.25-19.57.22:862][  0]LogConfig: Setting CVar [[r.LightFunctionQuality:1]]
[2019.01.25-19.57.22:862][  0]LogConfig: Setting CVar [[r.ShadowQuality:5]]
[2019.01.25-19.57.22:862][  0]LogConfig: Setting CVar [[r.Shadow.CSM.MaxCascades:10]]
[2019.01.25-19.57.22:862][  0]LogConfig: Setting CVar [[r.Shadow.MaxResolution:2048]]
[2019.01.25-19.57.22:862][  0]LogConfig: Setting CVar [[r.Shadow.MaxCSMResolution:2048]]
[2019.01.25-19.57.22:862][  0]LogConfig: Setting CVar [[r.Shadow.RadiusThreshold:0.01]]
[2019.01.25-19.57.22:862][  0]LogConfig: Setting CVar [[r.Shadow.DistanceScale:1.0]]
[2019.01.25-19.57.22:862][  0]LogConfig: Setting CVar [[r.Shadow.CSM.TransitionScale:1.0]]
[2019.01.25-19.57.22:862][  0]LogConfig: Setting CVar [[r.Shadow.PreShadowResolutionFactor:1.0]]
[2019.01.25-19.57.22:862][  0]LogConfig: Setting CVar [[r.DistanceFieldShadowing:1]]
[2019.01.25-19.57.22:862][  0]LogConfig: Setting CVar [[r.DistanceFieldAO:1]]
[2019.01.25-19.57.22:862][  0]LogConfig: Setting CVar [[r.AOQuality:2]]
[2019.01.25-19.57.22:862][  0]LogConfig: Setting CVar [[r.VolumetricFog:1]]
[2019.01.25-19.57.22:862][  0]LogConfig: Setting CVar [[r.VolumetricFog.GridPixelSize:8]]
[2019.01.25-19.57.22:862][  0]LogConfig: Setting CVar [[r.VolumetricFog.GridSizeZ:128]]
[2019.01.25-19.57.22:862][  0]LogConfig: Setting CVar [[r.VolumetricFog.HistoryMissSupersampleCount:4]]
[2019.01.25-19.57.22:862][  0]LogConfig: Setting CVar [[r.LightMaxDrawDistanceScale:1]]
[2019.01.25-19.57.22:862][  0]LogConfig: Setting CVar [[r.CapsuleShadows:1]]
[2019.01.25-19.57.22:862][  0]LogConfig: Applying CVar settings from Section [PostProcessQuality@3] File [D:/Code/TakenAway/TakenAway/Saved/Config/Windows/Scalability.ini]
[2019.01.25-19.57.22:862][  0]LogConfig: Setting CVar [[r.MotionBlurQuality:4]]
[2019.01.25-19.57.22:862][  0]LogConfig: Setting CVar [[r.AmbientOcclusionMipLevelFactor:0.4]]
[2019.01.25-19.57.22:862][  0]LogConfig: Setting CVar [[r.AmbientOcclusionMaxQuality:100]]
[2019.01.25-19.57.22:862][  0]LogConfig: Setting CVar [[r.AmbientOcclusionLevels:-1]]
[2019.01.25-19.57.22:862][  0]LogConfig: Setting CVar [[r.AmbientOcclusionRadiusScale:1.0]]
[2019.01.25-19.57.22:862][  0]LogConfig: Setting CVar [[r.DepthOfFieldQuality:2]]
[2019.01.25-19.57.22:862][  0]LogConfig: Setting CVar [[r.RenderTargetPoolMin:400]]
[2019.01.25-19.57.22:862][  0]LogConfig: Setting CVar [[r.LensFlareQuality:2]]
[2019.01.25-19.57.22:862][  0]LogConfig: Setting CVar [[r.SceneColorFringeQuality:1]]
[2019.01.25-19.57.22:862][  0]LogConfig: Setting CVar [[r.EyeAdaptationQuality:2]]
[2019.01.25-19.57.22:862][  0]LogConfig: Setting CVar [[r.BloomQuality:5]]
[2019.01.25-19.57.22:862][  0]LogConfig: Setting CVar [[r.FastBlurThreshold:100]]
[2019.01.25-19.57.22:862][  0]LogConfig: Setting CVar [[r.Upscale.Quality:3]]
[2019.01.25-19.57.22:862][  0]LogConfig: Setting CVar [[r.Tonemapper.GrainQuantization:1]]
[2019.01.25-19.57.22:862][  0]LogConfig: Setting CVar [[r.LightShaftQuality:1]]
[2019.01.25-19.57.22:862][  0]LogConfig: Setting CVar [[r.Filter.SizeScale:1]]
[2019.01.25-19.57.22:862][  0]LogConfig: Setting CVar [[r.Tonemapper.Quality:5]]
[2019.01.25-19.57.22:862][  0]LogConfig: Setting CVar [[r.DOF.Gather.AccumulatorQuality:1        ; higher gathering accumulator quality]]
[2019.01.25-19.57.22:862][  0]LogConfig: Setting CVar [[r.DOF.Gather.PostfilterMethod:1          ; Median3x3 postfilering method]]
[2019.01.25-19.57.22:862][  0]LogConfig: Setting CVar [[r.DOF.Gather.EnableBokehSettings:0       ; no bokeh simulation when gathering]]
[2019.01.25-19.57.22:863][  0]LogConfig: Setting CVar [[r.DOF.Gather.RingCount:4                 ; medium number of samples when gathering]]
[2019.01.25-19.57.22:863][  0]LogConfig: Setting CVar [[r.DOF.Scatter.ForegroundCompositing:1    ; additive foreground scattering]]
[2019.01.25-19.57.22:863][  0]LogConfig: Setting CVar [[r.DOF.Scatter.BackgroundCompositing:2    ; additive background scattering]]
[2019.01.25-19.57.22:863][  0]LogConfig: Setting CVar [[r.DOF.Scatter.EnableBokehSettings:1      ; bokeh simulation when scattering]]
[2019.01.25-19.57.22:863][  0]LogConfig: Setting CVar [[r.DOF.Scatter.MaxSpriteRatio:0.1         ; only a maximum of 10% of scattered bokeh]]
[2019.01.25-19.57.22:863][  0]LogConfig: Setting CVar [[r.DOF.Recombine.Quality:1                ; cheap slight out of focus]]
[2019.01.25-19.57.22:863][  0]LogConfig: Setting CVar [[r.DOF.Recombine.EnableBokehSettings:0    ; no bokeh simulation on slight out of focus]]
[2019.01.25-19.57.22:863][  0]LogConfig: Setting CVar [[r.DOF.TemporalAAQuality:1                ; more stable temporal accumulation]]
[2019.01.25-19.57.22:863][  0]LogConfig: Setting CVar [[r.DOF.Kernel.MaxForegroundRadius:0.025]]
[2019.01.25-19.57.22:863][  0]LogConfig: Setting CVar [[r.DOF.Kernel.MaxBackgroundRadius:0.025]]
[2019.01.25-19.57.22:863][  0]LogConfig: Applying CVar settings from Section [TextureQuality@3] File [D:/Code/TakenAway/TakenAway/Saved/Config/Windows/Scalability.ini]
[2019.01.25-19.57.22:863][  0]LogConfig: Setting CVar [[r.Streaming.MipBias:0]]
[2019.01.25-19.57.22:863][  0]LogConfig: Setting CVar [[r.Streaming.AmortizeCPUToGPUCopy:0]]
[2019.01.25-19.57.22:863][  0]LogConfig: Setting CVar [[r.Streaming.MaxNumTexturesToStreamPerFrame:0]]
[2019.01.25-19.57.22:863][  0]LogConfig: Setting CVar [[r.Streaming.Boost:1]]
[2019.01.25-19.57.22:863][  0]LogConfig: Setting CVar [[r.MaxAnisotropy:8]]
[2019.01.25-19.57.22:863][  0]LogConfig: Setting CVar [[r.Streaming.LimitPoolSizeToVRAM:0]]
[2019.01.25-19.57.22:863][  0]LogConfig: Setting CVar [[r.Streaming.PoolSize:1000]]
[2019.01.25-19.57.22:863][  0]LogConfig: Setting CVar [[r.Streaming.MaxEffectiveScreenSize:0]]
[2019.01.25-19.57.22:863][  0]LogConfig: Applying CVar settings from Section [EffectsQuality@3] File [D:/Code/TakenAway/TakenAway/Saved/Config/Windows/Scalability.ini]
[2019.01.25-19.57.22:863][  0]LogConfig: Setting CVar [[r.TranslucencyLightingVolumeDim:64]]
[2019.01.25-19.57.22:863][  0]LogConfig: Setting CVar [[r.RefractionQuality:2]]
[2019.01.25-19.57.22:863][  0]LogConfig: Setting CVar [[r.SSR.Quality:3]]
[2019.01.25-19.57.22:863][  0]LogConfig: Setting CVar [[r.SceneColorFormat:4]]
[2019.01.25-19.57.22:863][  0]LogConfig: Setting CVar [[r.DetailMode:2]]
[2019.01.25-19.57.22:863][  0]LogConfig: Setting CVar [[r.TranslucencyVolumeBlur:1]]
[2019.01.25-19.57.22:863][  0]LogConfig: Setting CVar [[r.MaterialQualityLevel:1 ; High quality]]
[2019.01.25-19.57.22:863][  0]LogConfig: Setting CVar [[r.SSS.Scale:1]]
[2019.01.25-19.57.22:863][  0]LogConfig: Setting CVar [[r.SSS.SampleSet:2]]
[2019.01.25-19.57.22:863][  0]LogConfig: Setting CVar [[r.SSS.Quality:1]]
[2019.01.25-19.57.22:863][  0]LogConfig: Setting CVar [[r.SSS.HalfRes:1]]
[2019.01.25-19.57.22:863][  0]LogConfig: Setting CVar [[r.EmitterSpawnRateScale:1.0]]
[2019.01.25-19.57.22:863][  0]LogConfig: Setting CVar [[r.ParticleLightQuality:2]]
[2019.01.25-19.57.22:863][  0]LogConfig: Applying CVar settings from Section [FoliageQuality@3] File [D:/Code/TakenAway/TakenAway/Saved/Config/Windows/Scalability.ini]
[2019.01.25-19.57.22:863][  0]LogConfig: Setting CVar [[foliage.DensityScale:1.0]]
[2019.01.25-19.57.22:863][  0]LogConfig: Setting CVar [[grass.DensityScale:1.0]]
[2019.01.25-19.57.22:863][  0]LogConfig: Applying CVar settings from Section [Startup] File [../../../Engine/Config/ConsoleVariables.ini]
[2019.01.25-19.57.22:864][  0]LogConfig: Setting CVar [[net.UseAdaptiveNetUpdateFrequency:0]]
[2019.01.25-19.57.22:864][  0]LogConfig: Applying CVar settings from Section [ConsoleVariables] File [D:/Code/TakenAway/TakenAway/Saved/Config/Windows/Engine.ini]
[2019.01.25-19.57.22:864][  0]LogInit: Computer: LYRA
[2019.01.25-19.57.22:864][  0]LogInit: User: agent
[2019.01.25-19.57.22:864][  0]LogInit: CPU Page size=4096, Cores=4
[2019.01.25-19.57.22:864][  0]LogInit: High frequency timer resolution =10.000000 MHz
[2019.01.25-19.57.22:864][  0]LogMemory: Memory total: Physical=15.9GB (16GB approx)
[2019.01.25-19.57.22:864][  0]LogMemory: Platform Memory Stats for Windows
[2019.01.25-19.57.22:864][  0]LogMemory: Process Physical Memory: 103.48 MB used, 103.48 MB peak
[2019.01.25-19.57.22:864][  0]LogMemory: Process Virtual Memory: 93.45 MB used, 93.45 MB peak
[2019.01.25-19.57.22:864][  0]LogMemory: Physical Memory: 7365.19 MB used,  8942.41 MB free, 16307.61 MB total
[2019.01.25-19.57.22:864][  0]LogMemory: Virtual Memory: 4653.09 MB used,  134213072.00 MB free, 134217728.00 MB total
[2019.01.25-19.57.22:885][  0]LogInit: Using OS detected language (en-GB).
[2019.01.25-19.57.22:885][  0]LogInit: Using OS detected locale (en-GB).
[2019.01.25-19.57.22:886][  0]LogTextLocalizationManager: No specific localization for 'en-GB' exists, so the 'en' localization will be used.
[2019.01.25-19.57.23:206][  0]LogStreaming: Display: Took  0.320s to InitEngineTextLocalization.
[2019.01.25-19.57.23:206][  0]LogInit: Setting process to per monitor DPI aware
[2019.01.25-19.57.23:252][  0]LogSlate: New Slate User Created.  User Index 0, Is Virtual User: 0
[2019.01.25-19.57.23:252][  0]LogSlate: Slate User Registered.  User Index 0, Is Virtual User: 0
[2019.01.25-19.57.23:719][  0]LogHMD: Failed to initialize OpenVR with code 126
[2019.01.25-19.57.23:719][  0]LogD3D11RHI: D3D11 adapters:
[2019.01.25-19.57.23:797][  0]LogD3D11RHI:    0. 'NVIDIA TITAN X (Pascal)' (Feature Level 11_0)
[2019.01.25-19.57.23:797][  0]LogD3D11RHI:       12147/0/8153 MB DedicatedVideo/DedicatedSystem/SharedSystem, Outputs:2, VendorId:0x10de
[2019.01.25-19.57.23:800][  0]LogD3D11RHI:    1. 'Microsoft Basic Render Driver' (Feature Level 11_0)
[2019.01.25-19.57.23:800][  0]LogD3D11RHI:       0/0/8153 MB DedicatedVideo/DedicatedSystem/SharedSystem, Outputs:0, VendorId:0x1414
[2019.01.25-19.57.23:800][  0]LogD3D11RHI: Chosen D3D11 Adapter: 0
[2019.01.25-19.57.23:810][  0]LogD3D11RHI: Creating new Direct3DDevice
[2019.01.25-19.57.23:810][  0]LogD3D11RHI:     GPU DeviceId: 0x1b00 (for the marketing name, search the web for "GPU Device Id")
[2019.01.25-19.57.23:810][  0]LogWindows: EnumDisplayDevices:
[2019.01.25-19.57.23:810][  0]LogWindows:    0. 'NVIDIA TITAN X (Pascal)' (P:0 D:1)
[2019.01.25-19.57.23:811][  0]LogWindows:    1. 'NVIDIA TITAN X (Pascal)' (P:1 D:1)
[2019.01.25-19.57.23:811][  0]LogWindows:    2. 'NVIDIA TITAN X (Pascal)' (P:0 D:0)
[2019.01.25-19.57.23:811][  0]LogWindows:    3. 'NVIDIA TITAN X (Pascal)' (P:0 D:0)
[2019.01.25-19.57.23:811][  0]LogWindows: DebugString: FoundDriverCount:4 
[2019.01.25-19.57.23:811][  0]LogD3D11RHI:     Adapter Name: NVIDIA TITAN X (Pascal)
[2019.01.25-19.57.23:812][  0]LogD3D11RHI:   Driver Version: 397.93 (internal:24.21.13.9793, unified:397.93)
[2019.01.25-19.57.23:812][  0]LogD3D11RHI:      Driver Date: 5-22-2018
[2019.01.25-19.57.23:812][  0]LogRHI: Texture pool is 8502 MB (70% of 12147 MB)
[2019.01.25-19.57.23:847][  0]LogD3D11RHI: Async texture creation enabled
[2019.01.25-19.57.23:878][  0]LogD3D11RHI: GPU Timing Frequency: 1000.000000 (Debug: 2 2)
[2019.01.25-19.57.24:233][  0]LogTemp: Display: Loaded TP AllDesktopTargetPlatform
[2019.01.25-19.57.24:250][  0]LogTemp: Display: Loaded TP MacClientTargetPlatform
[2019.01.25-19.57.24:265][  0]LogTemp: Display: Loaded TP MacNoEditorTargetPlatform
[2019.01.25-19.57.24:281][  0]LogTemp: Display: Loaded TP MacServerTargetPlatform
[2019.01.25-19.57.24:304][  0]LogTemp: Display: Loaded TP MacTargetPlatform
[2019.01.25-19.57.24:319][  0]LogTemp: Display: Loaded TP WindowsClientTargetPlatform
[2019.01.25-19.57.24:333][  0]LogTemp: Display: Loaded TP WindowsNoEditorTargetPlatform
[2019.01.25-19.57.24:348][  0]LogTemp: Display: Loaded TP WindowsServerTargetPlatform
[2019.01.25-19.57.24:353][  0]LogTemp: Display: Loaded TP WindowsTargetPlatform
[2019.01.25-19.57.24:435][  0]LogTemp: Display: Loaded TP AndroidTargetPlatform
[2019.01.25-19.57.24:435][  0]LogTemp: Display: Loaded TP AndroidTargetPlatform
[2019.01.25-19.57.24:435][  0]LogTemp: Display: Loaded TP AndroidTargetPlatform
[2019.01.25-19.57.24:435][  0]LogTemp: Display: Loaded TP AndroidTargetPlatform
[2019.01.25-19.57.24:435][  0]LogTemp: Display: Loaded TP AndroidTargetPlatform
[2019.01.25-19.57.24:435][  0]LogTemp: Display: Loaded TP AndroidTargetPlatform
[2019.01.25-19.57.24:435][  0]LogTemp: Display: Loaded TP AndroidTargetPlatform
[2019.01.25-19.57.24:435][  0]LogTemp: Display: Loaded TP AndroidTargetPlatform
[2019.01.25-19.57.24:436][  0]LogTemp: Display: Loaded TP AndroidTargetPlatform
[2019.01.25-19.57.24:436][  0]LogTemp: Display: Loaded TP AndroidTargetPlatform
[2019.01.25-19.57.24:436][  0]LogTemp: Display: Loaded TP AndroidTargetPlatform
[2019.01.25-19.57.24:436][  0]LogTemp: Display: Loaded TP AndroidTargetPlatform
[2019.01.25-19.57.24:436][  0]LogTemp: Display: Loaded TP AndroidTargetPlatform
[2019.01.25-19.57.24:436][  0]LogTemp: Display: Loaded TP AndroidTargetPlatform
[2019.01.25-19.57.24:436][  0]LogTemp: Display: Loaded TP AndroidTargetPlatform
[2019.01.25-19.57.24:436][  0]LogTemp: Display: Loaded TP AndroidTargetPlatform
[2019.01.25-19.57.24:436][  0]LogTemp: Display: Loaded TP AndroidTargetPlatform
[2019.01.25-19.57.24:436][  0]LogTemp: Display: Loaded TP AndroidTargetPlatform
[2019.01.25-19.57.24:437][  0]LogTemp: Display: Loaded TP HTML5TargetPlatform
[2019.01.25-19.57.24:500][  0]LogTemp: Display: Loaded TP IOSTargetPlatform
[2019.01.25-19.57.24:500][  0]LogTemp: Display: Loaded TP IOSTargetPlatform
[2019.01.25-19.57.24:523][  0]LogTemp: Display: Loaded TP TVOSTargetPlatform
[2019.01.25-19.57.24:523][  0]LogTemp: Display: Loaded TP TVOSTargetPlatform
[2019.01.25-19.57.24:535][  0]LogTemp: Display: Loaded TP LinuxClientTargetPlatform
[2019.01.25-19.57.24:549][  0]LogTemp: Display: Loaded TP LinuxNoEditorTargetPlatform
[2019.01.25-19.57.24:564][  0]LogTemp: Display: Loaded TP LinuxServerTargetPlatform
[2019.01.25-19.57.24:575][  0]LogTemp: Display: Loaded TP LinuxTargetPlatform
[2019.01.25-19.57.24:621][  0]LogTemp: Display: Loaded TP LuminTargetPlatform
[2019.01.25-19.57.24:621][  0]LogTemp: Display: Loaded TP LuminTargetPlatform
[2019.01.25-19.57.24:622][  0]LogTargetPlatformManager: Display: Building Assets For Windows
[2019.01.25-19.57.24:667][  0]LogShaderCompilers: Guid format shader working directory is 6 characters bigger than the processId version (../../../../../Code/TakenAway/TakenAway/Intermediate/Shaders/WorkingDirectory/13952/).
[2019.01.25-19.57.24:667][  0]LogShaderCompilers: Cleaned the shader compiler working directory 'C:/Users/agent/AppData/Local/Temp/UnrealShaderWorkingDir/8ED8EF04467B5FFCB3B87680F2D4B3A5/'.
[2019.01.25-19.57.24:668][  0]LogXGEController: Cannot use XGE Controller as Incredibuild is not installed on this machine.
[2019.01.25-19.57.24:668][  0]LogShaderCompilers: Cannot use XGE Shader Compiler as Incredibuild is not installed on this machine.
[2019.01.25-19.57.24:668][  0]LogShaderCompilers: Display: Using Local Shader Compiler.
[2019.01.25-19.57.25:241][  0]LogDerivedDataCache: Display: Max Cache Size: 512 MB
[2019.01.25-19.57.25:304][  0]LogDerivedDataCache: Loaded boot cache 0.06s 86MB C:/Users/agent/AppData/Local/UnrealEngine/4.21/DerivedDataCache/Boot.ddc.
[2019.01.25-19.57.25:304][  0]LogDerivedDataCache: Display: Loaded Boot cache: C:/Users/agent/AppData/Local/UnrealEngine/4.21/DerivedDataCache/Boot.ddc
[2019.01.25-19.57.25:304][  0]LogDerivedDataCache: FDerivedDataBackendGraph:  Pak pak cache file ../../../../../Code/TakenAway/TakenAway/DerivedDataCache/DDC.ddp not found, will not use a pak cache.
[2019.01.25-19.57.25:304][  0]LogDerivedDataCache: Unable to find inner node Pak for hierarchical cache Hierarchy.
[2019.01.25-19.57.25:304][  0]LogDerivedDataCache: FDerivedDataBackendGraph:  CompressedPak pak cache file ../../../../../Code/TakenAway/TakenAway/DerivedDataCache/Compressed.ddp not found, will not use a pak cache.
[2019.01.25-19.57.25:304][  0]LogDerivedDataCache: Unable to find inner node CompressedPak for hierarchical cache Hierarchy.
[2019.01.25-19.57.25:317][  0]LogDerivedDataCache: Display: Pak cache opened for reading ../../../Engine/DerivedDataCache/Compressed.ddp.
[2019.01.25-19.57.25:317][  0]LogDerivedDataCache: FDerivedDataBackendGraph:  EnterprisePak pak cache file ../../../Enterprise/DerivedDataCache/Compressed.ddp not found, will not use a pak cache.
[2019.01.25-19.57.25:317][  0]LogDerivedDataCache: Unable to find inner node EnterprisePak for hierarchical cache Hierarchy.
[2019.01.25-19.57.25:329][  0]LogDerivedDataCache: Using Local data cache path C:/Users/agent/AppData/Local/UnrealEngine/Common/DerivedDataCache: Writable
[2019.01.25-19.57.25:329][  0]LogDerivedDataCache: Shared data cache path not found in *engine.ini, will not use an Shared cache.
[2019.01.25-19.57.25:329][  0]LogDerivedDataCache: Unable to find inner node Shared for hierarchical cache Hierarchy.
[2019.01.25-19.57.25:348][  0]LogMaterial: Verifying Global Shaders for PCD3D_SM5
[2019.01.25-19.57.25:349][  0]LogSlate: Using FreeType 2.6.0
[2019.01.25-19.57.25:351][  0]LogSlate: SlateFontServices - WITH_FREETYPE: 1, WITH_HARFBUZZ: 1
[2019.01.25-19.57.25:486][  0]LogAssetRegistry: FAssetRegistry took 0.0311 seconds to start up
[2019.01.25-19.57.25:741][  0]LogInit: Selected Device Profile: [Windows]
[2019.01.25-19.57.25:868][  0]LogSimplygon: Simplygon DLL not present - disabling.
[2019.01.25-19.57.25:870][  0]LogMeshReduction: Using SimplygonSwarm for distributed automatic mesh merging
[2019.01.25-19.57.25:870][  0]LogMeshReduction: Using ProxyLODMeshReduction for automatic mesh merging
[2019.01.25-19.57.25:870][  0]LogMeshReduction: Using QuadricMeshReduction for automatic static mesh reduction
[2019.01.25-19.57.25:870][  0]LogMeshReduction: No automatic skeletal mesh reduction module available
[2019.01.25-19.57.25:881][  0]LogNetVersion: TakenAway 1.0.0, NetCL: 4541578, EngineNetVer: 5, GameNetVer: 0 (Checksum: 1501404361)
[2019.01.25-19.57.26:309][  0]LogPackageLocalizationCache: Processed 11 localized package path(s) for 2 prioritized culture(s) in 0.067975 seconds
[2019.01.25-19.57.26:316][  0]LogUObjectArray: 39775 objects as part of root set at end of initial load.
[2019.01.25-19.57.26:316][  0]LogUObjectAllocator: 6914664 out of 0 bytes used by permanent object pool.
[2019.01.25-19.57.26:316][  0]LogUObjectArray: CloseDisregardForGC: 0/0 objects in disregard for GC pool
[2019.01.25-19.57.27:700][  0]LogTcpMessaging: Initializing TcpMessaging bridge
[2019.01.25-19.57.27:721][  0]LogUdpMessaging: Initializing bridge on interface 0.0.0.0:0 to multicast group 230.0.0.1:6666.
[2019.01.25-19.57.28:954][  0]SourceControl: Source control is disabled
[2019.01.25-19.57.28:955][  0]SourceControl: Source control is disabled
[2019.01.25-19.57.28:956][  0]SourceControl: Source control is disabled
[2019.01.25-19.57.28:957][  0]SourceControl: Source control is disabled
[2019.01.25-19.57.29:112][  0]LogAndroidPermission: UAndroidPermissionCallbackProxy::GetInstance
[2019.01.25-19.57.29:182][  0]LogOcInput: OculusInput pre-init called
[2019.01.25-19.57.29:311][  0]LogEngine: Initializing Engine...
[2019.01.25-19.57.29:333][  0]LogHMD: Failed to initialize OpenVR with code 126
[2019.01.25-19.57.29:334][  0]LogStats: UGameplayTagsManager::ConstructGameplayTagTree: ImportINI prefixes -  0.000 s
[2019.01.25-19.57.29:334][  0]LogStats: UGameplayTagsManager::ConstructGameplayTagTree: Construct from data asset -  0.000 s
[2019.01.25-19.57.29:334][  0]LogStats: UGameplayTagsManager::ConstructGameplayTagTree: ImportINI -  0.000 s
[2019.01.25-19.57.29:334][  0]LogStats: UGameplayTagsManager::ConstructGameplayTagTree: GameplayTagTreeChangedEvent.Broadcast -  0.000 s
[2019.01.25-19.57.29:541][  0]LogInit: Initializing FReadOnlyCVARCache
[2019.01.25-19.57.29:549][  0]LogAIModule: Creating AISystem for world Untitled
[2019.01.25-19.57.29:565][  0]LogInit: XAudio2 using 'Headset Earphone (Corsair VOID PRO Wireless Gaming Headset)' : 6 channels at 48 kHz using 16 bits per sample (channel mask 0x3f)
[2019.01.25-19.57.29:846][  0]LogInit: FAudioDevice initialized.
[2019.01.25-19.57.29:846][  0]LogNetVersion: Set ProjectVersion to 1.0.0.0. Version Checksum will be recalculated on next use.
[2019.01.25-19.57.29:913][  0]LogDerivedDataCache: Saved boot cache 0.07s 86MB C:/Users/agent/AppData/Local/UnrealEngine/4.21/DerivedDataCache/Boot.ddc.
[2019.01.25-19.57.29:920][  0]LogInit: Texture streaming: Enabled
[2019.01.25-19.57.29:929][  0]LogEngineSessionManager: EngineSessionManager initialized
[2019.01.25-19.57.29:937][  0]LogInit: Transaction tracking system initialized
[2019.01.25-19.57.29:949][  0]BlueprintLog: New page: Editor Load
[2019.01.25-19.57.30:021][  0]LocalizationService: Localization service is disabled
[2019.01.25-19.57.30:418][  0]LogFileCache: Scanning file cache for directory 'D:/Code/TakenAway/TakenAway/Content/' took 0.01s
[2019.01.25-19.57.30:418][  0]LogCook: Display: Max memory allowance for cook 16384mb min free memory 0mb
[2019.01.25-19.57.30:418][  0]LogCook: Display: Mobile HDR setting 1
[2019.01.25-19.57.30:418][  0]LogGameplayTags: Display: UGameplayTagsManager::DoneAddingNativeTags. DelegateIsBound: 0
[2019.01.25-19.57.30:418][  0]LogStats: UGameplayTagsManager::ConstructGameplayTagTree: ImportINI prefixes -  0.000 s
[2019.01.25-19.57.30:418][  0]LogStats: UGameplayTagsManager::ConstructGameplayTagTree: Construct from data asset -  0.000 s
[2019.01.25-19.57.30:418][  0]LogStats: UGameplayTagsManager::ConstructGameplayTagTree: ImportINI -  0.000 s
[2019.01.25-19.57.30:418][  0]LogStats: UGameplayTagsManager::ConstructGameplayTagTree: GameplayTagTreeChangedEvent.Broadcast -  0.000 s
[2019.01.25-19.57.30:529][  0]SourceControl: Source control is disabled
[2019.01.25-19.57.30:529][  0]Cmd: MAP LOAD FILE="../../../Engine/Content/Maps/Templates/Template_Default.umap" TEMPLATE=1 SHOWPROGRESS=1 FEATURELEVEL=3
[2019.01.25-19.57.30:530][  0]LightingResults: New page: Lighting Build
[2019.01.25-19.57.30:531][  0]MapCheck: New page: Map Check
[2019.01.25-19.57.30:531][  0]LightingResults: New page: Lighting Build
[2019.01.25-19.57.30:670][  0]LogAIModule: Creating AISystem for world Untitled_1
[2019.01.25-19.57.30:675][  0]LogEditorServer: Finished looking for orphan Actors (0.000 secs)
[2019.01.25-19.57.30:695][  0]Cmd: MAP CHECKDEP NOCLEARLOG
[2019.01.25-19.57.30:695][  0]MapCheck: Map check complete: 0 Error(s), 0 Warning(s), took 0.083ms to complete.
[2019.01.25-19.57.30:695][  0]LogFileHelpers: Loading map 'Template_Default' took 0.165
[2019.01.25-19.57.33:102][  0]LogTemp: Executing iPhonePackager certificates Engine -bundlename com.YourCompany.TakenAway
[2019.01.25-19.57.33:102][  0]LogTemp: CWD: D:\Epic Games\UE_4.21\Engine\Binaries\DotNET\IOS
[2019.01.25-19.57.33:102][  0]LogTemp: Initial Dir: D:\Epic Games\UE_4.21
[2019.01.25-19.57.33:102][  0]LogTemp: Env CWD: D:\Epic Games\UE_4.21\Engine\Binaries\DotNET\IOS
[2019.01.25-19.57.33:102][  0]LogTemp: BranchPath = LYRA/D/Epic Games/UE_4.21/Engine/Binaries --- GameBranchPath = LYRA/D/Epic Games/UE_4.21/Engine/Binaries
[2019.01.25-19.57.33:102][  0]LogTemp: IPP ERROR: Could not find provision directory 'C:\Users\agent\AppData\Local/Apple Computer/MobileDevice/Provisioning Profiles/'.
[2019.01.25-19.57.33:102][  0]LogSlate: Only BGRA pngs, bmps or icos are supported in by External Image Picker
[2019.01.25-19.57.33:370][  0]LogSlate: Updating window title bar state: overlay mode, drag disabled, window buttons hidden, title bar hidden
[2019.01.25-19.57.33:376][  0]LogSlate: Updating window title bar state: overlay mode, drag disabled, window buttons hidden, title bar hidden
[2019.01.25-19.57.33:383][  0]LogSlate: Updating window title bar state: overlay mode, drag disabled, window buttons hidden, title bar hidden
[2019.01.25-19.57.33:388][  0]LogSlate: Updating window title bar state: overlay mode, drag disabled, window buttons hidden, title bar hidden
[2019.01.25-19.57.33:420][  0]LogCollectionManager: Loaded 0 collections in 0.000675 seconds
[2019.01.25-19.57.33:497][  0]LogFileCache: Scanning file cache for directory 'D:/Code/TakenAway/TakenAway/Saved/Collections/' took 0.01s
[2019.01.25-19.57.33:497][  0]LogFileCache: Scanning file cache for directory 'D:/Code/TakenAway/TakenAway/Content/Developers/agent/Collections/' took 0.01s
[2019.01.25-19.57.33:497][  0]LogFileCache: Scanning file cache for directory 'D:/Code/TakenAway/TakenAway/Content/Collections/' took 0.01s
[2019.01.25-19.57.33:497][  0]LogCollectionManager: Rebuilt the GUID cache for 0 collections in 0.000000 seconds
[2019.01.25-19.57.33:506][  0]LogContentBrowser: Native class hierarchy populated in 0.0077 seconds. Added 2651 classes and 620 folders.
[2019.01.25-19.57.33:553][  0]LogContentBrowser: Native class hierarchy updated for 'WidgetCarousel' in 0.0002 seconds. Added 0 classes and 0 folders.
[2019.01.25-19.57.33:573][  0]LogPakFile: Registered encryption key '00000000000000000000000000000000': 0 pak files mounted, 0 remain pending
[2019.01.25-19.57.33:602][  0]LogPakFile: Registered encryption key '00000000000000000000000000000000': 0 pak files mounted, 0 remain pending
[2019.01.25-19.57.33:604][  0]LogPakFile: Registered encryption key '00000000000000000000000000000000': 0 pak files mounted, 0 remain pending
[2019.01.25-19.57.33:605][  0]LogPakFile: Registered encryption key '00000000000000000000000000000000': 0 pak files mounted, 0 remain pending
[2019.01.25-19.57.33:606][  0]LogPakFile: Registered encryption key '00000000000000000000000000000000': 0 pak files mounted, 0 remain pending
[2019.01.25-19.57.33:607][  0]LogPakFile: Registered encryption key '00000000000000000000000000000000': 0 pak files mounted, 0 remain pending
[2019.01.25-19.57.33:608][  0]LogPakFile: Registered encryption key '00000000000000000000000000000000': 0 pak files mounted, 0 remain pending
[2019.01.25-19.57.33:609][  0]LogPakFile: Registered encryption key '00000000000000000000000000000000': 0 pak files mounted, 0 remain pending
[2019.01.25-19.57.33:611][  0]LogPakFile: Registered encryption key '00000000000000000000000000000000': 0 pak files mounted, 0 remain pending
[2019.01.25-19.57.33:612][  0]LogPakFile: Registered encryption key '00000000000000000000000000000000': 0 pak files mounted, 0 remain pending
[2019.01.25-19.57.33:613][  0]LogPakFile: Registered encryption key '00000000000000000000000000000000': 0 pak files mounted, 0 remain pending
[2019.01.25-19.57.33:614][  0]LogPakFile: Registered encryption key '00000000000000000000000000000000': 0 pak files mounted, 0 remain pending
[2019.01.25-19.57.33:615][  0]LogPakFile: Registered encryption key '00000000000000000000000000000000': 0 pak files mounted, 0 remain pending
[2019.01.25-19.57.33:617][  0]LogPakFile: Registered encryption key '00000000000000000000000000000000': 0 pak files mounted, 0 remain pending
[2019.01.25-19.57.33:618][  0]LogPakFile: Registered encryption key '00000000000000000000000000000000': 0 pak files mounted, 0 remain pending
[2019.01.25-19.57.33:619][  0]LogPakFile: Registered encryption key '00000000000000000000000000000000': 0 pak files mounted, 0 remain pending
[2019.01.25-19.57.33:620][  0]LogPakFile: Registered encryption key '00000000000000000000000000000000': 0 pak files mounted, 0 remain pending
[2019.01.25-19.57.33:621][  0]LogPakFile: Registered encryption key '00000000000000000000000000000000': 0 pak files mounted, 0 remain pending
[2019.01.25-19.57.33:622][  0]LogPakFile: Registered encryption key '00000000000000000000000000000000': 0 pak files mounted, 0 remain pending
[2019.01.25-19.57.33:624][  0]LogPakFile: Registered encryption key '00000000000000000000000000000000': 0 pak files mounted, 0 remain pending
[2019.01.25-19.57.33:625][  0]LogPakFile: Registered encryption key '00000000000000000000000000000000': 0 pak files mounted, 0 remain pending
[2019.01.25-19.57.33:626][  0]LogPakFile: Registered encryption key '00000000000000000000000000000000': 0 pak files mounted, 0 remain pending
[2019.01.25-19.57.33:627][  0]LogPakFile: Registered encryption key '00000000000000000000000000000000': 0 pak files mounted, 0 remain pending
[2019.01.25-19.57.33:629][  0]LogPakFile: Registered encryption key '00000000000000000000000000000000': 0 pak files mounted, 0 remain pending
[2019.01.25-19.57.33:630][  0]LogPakFile: Registered encryption key '00000000000000000000000000000000': 0 pak files mounted, 0 remain pending
[2019.01.25-19.57.33:631][  0]LogPakFile: Registered encryption key '00000000000000000000000000000000': 0 pak files mounted, 0 remain pending
[2019.01.25-19.57.34:292][  0]LogContentBrowser: Native class hierarchy updated for 'AddContentDialog' in 0.0002 seconds. Added 0 classes and 0 folders.
[2019.01.25-19.57.34:361][  0]LogContentBrowser: Native class hierarchy updated for 'SceneOutliner' in 0.0002 seconds. Added 1 classes and 2 folders.
[2019.01.25-19.57.34:685][  0]LogSlate: Took 0.001011 seconds to synchronously load lazily loaded font '../../../Engine/Content/Slate/Fonts/Roboto-Regular.ttf' (155K)
[2019.01.25-19.57.34:688][  0]LogSlate: Took 0.000534 seconds to synchronously load lazily loaded font '../../../Engine/Content/Slate/Fonts/Roboto-Bold.ttf' (160K)
[2019.01.25-19.57.34:730][  0]LogSlate: Took 0.013609 seconds to synchronously load lazily loaded font '../../../Engine/Content/Editor/Slate/Fonts/FontAwesome.ttf' (139K)
[2019.01.25-19.57.34:936][  0]LogRenderer: Reallocating scene render targets to support 1180x620 Format 10 NumSamples 1 (Frame:1).
[2019.01.25-19.57.35:194][  0]LogContentBrowser: Native class hierarchy updated for 'HierarchicalLODOutliner' in 0.0003 seconds. Added 0 classes and 0 folders.
[2019.01.25-19.57.35:195][  0]LogLoad: (Engine Initialization) Total time: 13.76 seconds
[2019.01.25-19.57.35:195][  0]LogLoad: (Engine Initialization) Total Blueprint compile time: 0.00 seconds
[2019.01.25-19.57.35:272][  0]LogContentStreaming: Texture pool size now 1000 MB
[2019.01.25-19.57.35:431][  2]LogAssetRegistry: Asset discovery search completed in 9.9668 seconds
[2019.01.25-19.57.35:433][  2]LogCollectionManager: Rebuilt the object cache for 0 collections in 0.000000 seconds (found 0 objects)
[2019.01.25-19.57.35:433][  2]LogCollectionManager: Fixed up redirectors for 0 collections in 0.000072 seconds (updated 0 objects)
[2019.01.25-19.57.39:225][437]LogSlate: FSceneViewport::OnFocusLost() reason 0
[2019.01.25-19.57.53:643][447]LogSlate: Took 0.000493 seconds to synchronously load lazily loaded font '../../../Engine/Content/Slate/Fonts/Roboto-Light.ttf' (167K)
[2019.01.25-19.58.35:107][340]LogSlate: Window 'Color Picker' being destroyed
[2019.01.25-19.58.48:504][901]LogSlate: Window 'Color Picker' being destroyed
[2019.01.25-19.59.16:892][295]LogSlate: Window 'Color Picker' being destroyed
[2019.01.25-19.59.31:689][ 59]LogSlate: Window 'Color Picker' being destroyed
[2019.01.25-20.01.48:986][245]LogSlate: FSceneViewport::OnFocusLost() reason 0
[2019.01.25-20.02.06:008][ 24]LogSlate: Window 'Save Level As' being destroyed
[2019.01.25-20.02.11:544][590]LogSlate: Window 'New Level' being destroyed
[2019.01.25-20.02.11:550][590]LightingResults: New page: Lighting Build
[2019.01.25-20.02.11:551][590]MapCheck: New page: Map Check
[2019.01.25-20.02.11:551][590]LightingResults: New page: Lighting Build
[2019.01.25-20.02.11:576][590]LogAIModule: Creating AISystem for world Untitled
[2019.01.25-20.02.11:658][590]LoadErrors: New page: New Map
[2019.01.25-20.02.13:482][809]LogSlate: FSceneViewport::OnFocusLost() reason 0
[2019.01.25-20.02.30:872][816]LogSlate: Window 'Save Level As' being destroyed
[2019.01.25-20.02.30:882][816]LogSlate: Took 0.000194 seconds to synchronously load lazily loaded font '../../../Engine/Content/Slate/Fonts/Roboto-Light.ttf' (167K)
[2019.01.25-20.02.30:904][816]Cmd: OBJ SAVEPACKAGE PACKAGE="/Game/Blueprints/Levels/CoreMap" FILE="../../../../../Code/TakenAway/TakenAway/Content/Blueprints/Levels/CoreMap.umap" SILENT=true AUTOSAVING=false KEEPDIRTY=false
[2019.01.25-20.02.30:959][816]LogSavePackage: Moving '../../../../../Code/TakenAway/TakenAway/Saved/CoreMap5FA711784B12479D662B389E9BE2D136.tmp' to '../../../../../Code/TakenAway/TakenAway/Content/Blueprints/Levels/CoreMap.umap'
[2019.01.25-20.02.30:987][816]LogFileHelpers: Saving map 'CoreMap' took 0.110
[2019.01.25-20.02.33:175][ 74]Cmd: OBJ SAVEPACKAGE PACKAGE="/Game/Blueprints/Levels/CoreMap" FILE="../../../../../Code/TakenAway/TakenAway/Content/Blueprints/Levels/CoreMap.umap" SILENT=true AUTOSAVING=false KEEPDIRTY=false
[2019.01.25-20.02.33:226][ 74]LogSavePackage: Moving '../../../../../Code/TakenAway/TakenAway/Saved/CoreMap4483A3A74B0E713E64334080D80C539D.tmp' to '../../../../../Code/TakenAway/TakenAway/Content/Blueprints/Levels/CoreMap.umap'
[2019.01.25-20.02.44:555][432]LogSlate: FSceneViewport::OnFocusLost() reason 0
[2019.01.25-20.02.50:848][187]LogSlate: FSceneViewport::OnFocusLost() reason 0
[2019.01.25-20.04.04:772][233]LogSlate: FSceneViewport::OnFocusLost() reason 0
[2019.01.25-20.04.27:222][926]LogSlate: FSceneViewport::OnFocusLost() reason 0
[2019.01.25-20.05.47:245][541]LogSlate: Window 'Pick Parent Class' being destroyed
[2019.01.25-20.05.47:261][542]LogUnrealEdMisc: Warning: Heartbeat event firing too frequently (0.000 sec). This should never happen. Something is wrong with the timer delegate!
[2019.01.25-20.06.02:849][402]Cmd: OBJ SAVEPACKAGE PACKAGE="/Game/Blueprints/Character/TakenMainCharacter" FILE="../../../../../Code/TakenAway/TakenAway/Content/Blueprints/Character/TakenMainCharacter.uasset" SILENT=true
[2019.01.25-20.06.02:859][402]LogSavePackage: Moving '../../../../../Code/TakenAway/TakenAway/Saved/TakenMainCharacter3E5D18F843D8C89D103A0AB703E37A1E.tmp' to '../../../../../Code/TakenAway/TakenAway/Content/Blueprints/Character/TakenMainCharacter.uasset'
[2019.01.25-20.06.24:502][ 52]LogSlate: Window 'Pick Parent Class' being destroyed
[2019.01.25-20.06.31:344][871]Cmd: OBJ SAVEPACKAGE PACKAGE="/Game/Blueprints/Levels/CoreMap" FILE="../../../../../Code/TakenAway/TakenAway/Content/Blueprints/Levels/CoreMap.umap" SILENT=true AUTOSAVING=false KEEPDIRTY=false
[2019.01.25-20.06.31:509][871]LogSavePackage: Moving '../../../../../Code/TakenAway/TakenAway/Saved/CoreMap02DFA65F4E94C46A1CBD9E94C0E00084.tmp' to '../../../../../Code/TakenAway/TakenAway/Content/Blueprints/Levels/CoreMap.umap'
[2019.01.25-20.06.34:370][206]Cmd: OBJ SAVEPACKAGE PACKAGE="/Game/Blueprints/Core/CoreInstance" FILE="../../../../../Code/TakenAway/TakenAway/Content/Blueprints/Core/CoreInstance.uasset" SILENT=true
[2019.01.25-20.06.34:375][206]LogSavePackage: Moving '../../../../../Code/TakenAway/TakenAway/Saved/CoreInstance2590F29944FFC1FF5E83EDAA5DE56C03.tmp' to '../../../../../Code/TakenAway/TakenAway/Content/Blueprints/Core/CoreInstance.uasset'
[2019.01.25-20.06.35:206][305]LogUnrealEdMisc: Warning: Heartbeat event firing too frequently (47.945 sec). This should never happen. Something is wrong with the timer delegate!
[2019.01.25-20.06.40:017][870]LogSlate: Prevented a slow task dialog from being summoned while a context menu was open
[2019.01.25-20.07.38:762][972]LogFactory: FactoryCreateFile: Texture with ReimportTextureFactory (0 0 C:\Users\agent\Pictures\Dev_Texture_Head.png)
[2019.01.25-20.07.38:764][972]LogTexture: Display: Building textures: Dev_Texture_Head (BGRA8, 74X74)
[2019.01.25-20.07.38:774][972]LogFactory: FactoryCreateFile: Texture with ReimportTextureFactory (0 0 C:\Users\agent\Pictures\Dev_Texture_Feet.png)
[2019.01.25-20.07.38:777][972]LogTexture: Display: Building textures: Dev_Texture_Feet (BGRA8, 296X74)
[2019.01.25-20.08.05:527][843]Cmd: OBJ SAVEPACKAGE PACKAGE="/Game/Textures/Dev_Texture_Feet_Sheet" FILE="../../../../../Code/TakenAway/TakenAway/Content/Textures/Dev_Texture_Feet_Sheet.uasset" SILENT=true
[2019.01.25-20.08.05:549][843]LogSavePackage: Moving '../../../../../Code/TakenAway/TakenAway/Saved/Dev_Texture_Feet_SheetBA150A2D40B58DA763E30D97B0188162.tmp' to '../../../../../Code/TakenAway/TakenAway/Content/Textures/Dev_Texture_Feet_Sheet.uasset'
[2019.01.25-20.08.22:302][149]LogFactory: FactoryCreateFile: Texture with ReimportTextureFactory (0 0 C:\Users\agent\Pictures\Dev_Texture_Body.png)
[2019.01.25-20.08.22:305][149]LogTexture: Display: Building textures: Dev_Texture_Body (BGRA8, 74X74)
[2019.01.25-20.09.14:011][ 73]LogSlate: Took 0.011521 seconds to synchronously load lazily loaded font '../../../Engine/Content/Slate/Fonts/Roboto-BoldCondensed.ttf' (158K)
